   1              		.cpu cortex-m0
   2              		.arch armv6s-m
   3              		.fpu softvfp
   4              		.eabi_attribute 20, 1
   5              		.eabi_attribute 21, 1
   6              		.eabi_attribute 23, 3
   7              		.eabi_attribute 24, 1
   8              		.eabi_attribute 25, 1
   9              		.eabi_attribute 26, 1
  10              		.eabi_attribute 30, 4
  11              		.eabi_attribute 34, 0
  12              		.eabi_attribute 18, 4
  13              		.file	"hal.c"
  14              		.text
  15              	.Ltext0:
  16              		.cfi_sections	.debug_frame
  17              		.file 1 ".././hal/hal.c"
  18              		.section	.text.led_ok,"ax",%progbits
  19              		.align	1
  20              		.weak	led_ok
  21              		.syntax unified
  22              		.code	16
  23              		.thumb_func
  25              	led_ok:
  26              	.LFB11:
  27              		.cfi_startproc
   1:.././hal/hal.c **** /*
   2:.././hal/hal.c ****     This file is part of the ChipWhisperer Example Targets
   3:.././hal/hal.c ****     Copyright (C) 2012-2015 NewAE Technology Inc.
   4:.././hal/hal.c **** 
   5:.././hal/hal.c ****     This program is free software: you can redistribute it and/or modify
   6:.././hal/hal.c ****     it under the terms of the GNU General Public License as published by
   7:.././hal/hal.c ****     the Free Software Foundation, either version 3 of the License, or
   8:.././hal/hal.c ****     (at your option) any later version.
   9:.././hal/hal.c **** 
  10:.././hal/hal.c ****     This program is distributed in the hope that it will be useful,
  11:.././hal/hal.c ****     but WITHOUT ANY WARRANTY; without even the implied warranty of
  12:.././hal/hal.c ****     MERCHANTABILITY or FITNESS FOR A PARTICULAR PURPOSE.  See the
  13:.././hal/hal.c ****     GNU General Public License for more details.
  14:.././hal/hal.c **** 
  15:.././hal/hal.c ****     You should have received a copy of the GNU General Public License
  16:.././hal/hal.c ****     along with this program.  If not, see <http://www.gnu.org/licenses/>.
  17:.././hal/hal.c **** */
  18:.././hal/hal.c **** 
  19:.././hal/hal.c **** #include "hal.h"
  20:.././hal/hal.c **** 
  21:.././hal/hal.c **** __attribute__((weak)) void led_ok(unsigned int status)
  28              		.loc 1 21 28 view -0
  29              		@ args = 0, pretend = 0, frame = 0
  30              		@ frame_needed = 0, uses_anonymous_args = 0
  31              		@ link register save eliminated.
  32              		@ sp needed
  33 0000 7047     		bx	lr
  34              		.cfi_endproc
  35              	.LFE11:
  37              		.section	.text.led_error,"ax",%progbits
  38              		.align	1
  39              		.weak	led_error
  40              		.syntax unified
  41              		.code	16
  42              		.thumb_func
  44              	led_error:
  45              	.LVL0:
  46              	.LFB1:
  22:.././hal/hal.c **** {
  23:.././hal/hal.c **** }
  24:.././hal/hal.c **** 
  25:.././hal/hal.c **** __attribute__((weak)) void led_error(unsigned int status)
  26:.././hal/hal.c **** {
  47              		.loc 1 26 1 view -0
  48              		.cfi_startproc
  49              		@ args = 0, pretend = 0, frame = 0
  50              		@ frame_needed = 0, uses_anonymous_args = 0
  51              		@ link register save eliminated.
  27:.././hal/hal.c **** }
  52              		.loc 1 27 1 view .LVU2
  53              		@ sp needed
  54 0000 7047     		bx	lr
  55              		.cfi_endproc
  56              	.LFE1:
  58              		.section	.text._close,"ax",%progbits
  59              		.align	1
  60              		.weak	_close
  61              		.syntax unified
  62              		.code	16
  63              		.thumb_func
  65              	_close:
  66              	.LFB2:
  28:.././hal/hal.c **** 
  29:.././hal/hal.c **** #ifdef __GNUC__
  30:.././hal/hal.c **** #if ((__GNUC__ > 11) || \
  31:.././hal/hal.c ****      ((__GNUC__ == 11) && (__GNUC_MINOR__ >= 3)))
  32:.././hal/hal.c **** __attribute__((weak)) void _close() {}
  67              		.loc 1 32 37 view -0
  68              		.cfi_startproc
  69              		@ args = 0, pretend = 0, frame = 0
  70              		@ frame_needed = 0, uses_anonymous_args = 0
  71              		@ link register save eliminated.
  72              		.loc 1 32 38 view .LVU4
  73              		@ sp needed
  74 0000 7047     		bx	lr
  75              		.cfi_endproc
  76              	.LFE2:
  78              		.section	.text._fstat,"ax",%progbits
  79              		.align	1
  80              		.weak	_fstat
  81              		.syntax unified
  82              		.code	16
  83              		.thumb_func
  85              	_fstat:
  86              	.LFB13:
  87              		.cfi_startproc
  33:.././hal/hal.c **** __attribute__((weak)) void _fstat() {}
  88              		.loc 1 33 28 view -0
  89              		@ args = 0, pretend = 0, frame = 0
  90              		@ frame_needed = 0, uses_anonymous_args = 0
  91              		@ link register save eliminated.
  92              		@ sp needed
  93 0000 7047     		bx	lr
  94              		.cfi_endproc
  95              	.LFE13:
  97              		.section	.text._getpid,"ax",%progbits
  98              		.align	1
  99              		.weak	_getpid
 100              		.syntax unified
 101              		.code	16
 102              		.thumb_func
 104              	_getpid:
 105              	.LFB15:
 106              		.cfi_startproc
  34:.././hal/hal.c **** __attribute__((weak)) void _getpid() {}
 107              		.loc 1 34 28 view -0
 108              		@ args = 0, pretend = 0, frame = 0
 109              		@ frame_needed = 0, uses_anonymous_args = 0
 110              		@ link register save eliminated.
 111              		@ sp needed
 112 0000 7047     		bx	lr
 113              		.cfi_endproc
 114              	.LFE15:
 116              		.section	.text._isatty,"ax",%progbits
 117              		.align	1
 118              		.weak	_isatty
 119              		.syntax unified
 120              		.code	16
 121              		.thumb_func
 123              	_isatty:
 124              	.LFB17:
 125              		.cfi_startproc
  35:.././hal/hal.c **** __attribute__((weak)) void _isatty() {}
 126              		.loc 1 35 28 view -0
 127              		@ args = 0, pretend = 0, frame = 0
 128              		@ frame_needed = 0, uses_anonymous_args = 0
 129              		@ link register save eliminated.
 130              		@ sp needed
 131 0000 7047     		bx	lr
 132              		.cfi_endproc
 133              	.LFE17:
 135              		.section	.text._kill,"ax",%progbits
 136              		.align	1
 137              		.weak	_kill
 138              		.syntax unified
 139              		.code	16
 140              		.thumb_func
 142              	_kill:
 143              	.LFB19:
 144              		.cfi_startproc
  36:.././hal/hal.c **** __attribute__((weak)) void _kill() {}
 145              		.loc 1 36 28 view -0
 146              		@ args = 0, pretend = 0, frame = 0
 147              		@ frame_needed = 0, uses_anonymous_args = 0
 148              		@ link register save eliminated.
 149              		@ sp needed
 150 0000 7047     		bx	lr
 151              		.cfi_endproc
 152              	.LFE19:
 154              		.section	.text._lseek,"ax",%progbits
 155              		.align	1
 156              		.weak	_lseek
 157              		.syntax unified
 158              		.code	16
 159              		.thumb_func
 161              	_lseek:
 162              	.LFB21:
 163              		.cfi_startproc
  37:.././hal/hal.c **** __attribute__((weak)) void _lseek() {}
 164              		.loc 1 37 28 view -0
 165              		@ args = 0, pretend = 0, frame = 0
 166              		@ frame_needed = 0, uses_anonymous_args = 0
 167              		@ link register save eliminated.
 168              		@ sp needed
 169 0000 7047     		bx	lr
 170              		.cfi_endproc
 171              	.LFE21:
 173              		.section	.text._read,"ax",%progbits
 174              		.align	1
 175              		.weak	_read
 176              		.syntax unified
 177              		.code	16
 178              		.thumb_func
 180              	_read:
 181              	.LFB23:
 182              		.cfi_startproc
  38:.././hal/hal.c **** __attribute__((weak)) void _read() {}
 183              		.loc 1 38 28 view -0
 184              		@ args = 0, pretend = 0, frame = 0
 185              		@ frame_needed = 0, uses_anonymous_args = 0
 186              		@ link register save eliminated.
 187              		@ sp needed
 188 0000 7047     		bx	lr
 189              		.cfi_endproc
 190              	.LFE23:
 192              		.section	.text._write,"ax",%progbits
 193              		.align	1
 194              		.weak	_write
 195              		.syntax unified
 196              		.code	16
 197              		.thumb_func
 199              	_write:
 200              	.LFB25:
 201              		.cfi_startproc
  39:.././hal/hal.c **** __attribute__((weak)) void _write() {}
 202              		.loc 1 39 28 view -0
 203              		@ args = 0, pretend = 0, frame = 0
 204              		@ frame_needed = 0, uses_anonymous_args = 0
 205              		@ link register save eliminated.
 206              		@ sp needed
 207 0000 7047     		bx	lr
 208              		.cfi_endproc
 209              	.LFE25:
 211              		.text
 212              	.Letext0:
DEFINED SYMBOLS
                            *ABS*:00000000 hal.c
     /tmp/cccJWd1w.s:19     .text.led_ok:00000000 $t
     /tmp/cccJWd1w.s:25     .text.led_ok:00000000 led_ok
     /tmp/cccJWd1w.s:38     .text.led_error:00000000 $t
     /tmp/cccJWd1w.s:44     .text.led_error:00000000 led_error
     /tmp/cccJWd1w.s:59     .text._close:00000000 $t
     /tmp/cccJWd1w.s:65     .text._close:00000000 _close
     /tmp/cccJWd1w.s:79     .text._fstat:00000000 $t
     /tmp/cccJWd1w.s:85     .text._fstat:00000000 _fstat
     /tmp/cccJWd1w.s:98     .text._getpid:00000000 $t
     /tmp/cccJWd1w.s:104    .text._getpid:00000000 _getpid
     /tmp/cccJWd1w.s:117    .text._isatty:00000000 $t
     /tmp/cccJWd1w.s:123    .text._isatty:00000000 _isatty
     /tmp/cccJWd1w.s:136    .text._kill:00000000 $t
     /tmp/cccJWd1w.s:142    .text._kill:00000000 _kill
     /tmp/cccJWd1w.s:155    .text._lseek:00000000 $t
     /tmp/cccJWd1w.s:161    .text._lseek:00000000 _lseek
     /tmp/cccJWd1w.s:174    .text._read:00000000 $t
     /tmp/cccJWd1w.s:180    .text._read:00000000 _read
     /tmp/cccJWd1w.s:193    .text._write:00000000 $t
     /tmp/cccJWd1w.s:199    .text._write:00000000 _write

NO UNDEFINED SYMBOLS
