   1              		.cpu cortex-m0
   2              		.arch armv6s-m
   3              		.fpu softvfp
   4              		.eabi_attribute 20, 1
   5              		.eabi_attribute 21, 1
   6              		.eabi_attribute 23, 3
   7              		.eabi_attribute 24, 1
   8              		.eabi_attribute 25, 1
   9              		.eabi_attribute 26, 1
  10              		.eabi_attribute 30, 4
  11              		.eabi_attribute 34, 0
  12              		.eabi_attribute 18, 4
  13              		.file	"mayo_shake.c"
  14              		.text
  15              	.Ltext0:
  16              		.cfi_sections	.debug_frame
  17              		.file 1 "mayo_shake.c"
  18              		.section	.text.keccak_f1600,"ax",%progbits
  19              		.align	1
  20              		.syntax unified
  21              		.code	16
  22              		.thumb_func
  24              	keccak_f1600:
  25              	.LVL0:
  26              	.LFB0:
   1:mayo_shake.c  **** #include <stdint.h>
   2:mayo_shake.c  **** #include <stddef.h>
   3:mayo_shake.c  **** #include <string.h>
   4:mayo_shake.c  **** #include "mayo_shake.h"
   5:mayo_shake.c  **** 
   6:mayo_shake.c  **** /* ------------------------------------------------------------------ */
   7:mayo_shake.c  **** /*  Keccak-f[1600]  — 64-bit lanes, 24 rounds                         */
   8:mayo_shake.c  **** /* ------------------------------------------------------------------ */
   9:mayo_shake.c  **** 
  10:mayo_shake.c  **** #define ROT64(x, n)  (((uint64_t)(x) << (n)) | ((uint64_t)(x) >> (64 - (n))))
  11:mayo_shake.c  **** 
  12:mayo_shake.c  **** static const uint64_t RC[24] = {
  13:mayo_shake.c  ****     0x0000000000000001ULL, 0x0000000000008082ULL,
  14:mayo_shake.c  ****     0x800000000000808AULL, 0x8000000080008000ULL,
  15:mayo_shake.c  ****     0x000000000000808BULL, 0x0000000080000001ULL,
  16:mayo_shake.c  ****     0x8000000080008081ULL, 0x8000000000008009ULL,
  17:mayo_shake.c  ****     0x000000000000008AULL, 0x0000000000000088ULL,
  18:mayo_shake.c  ****     0x0000000080008009ULL, 0x000000008000000AULL,
  19:mayo_shake.c  ****     0x000000008000808BULL, 0x800000000000008BULL,
  20:mayo_shake.c  ****     0x8000000000008089ULL, 0x8000000000008003ULL,
  21:mayo_shake.c  ****     0x8000000000008002ULL, 0x8000000000000080ULL,
  22:mayo_shake.c  ****     0x000000000000800AULL, 0x800000008000000AULL,
  23:mayo_shake.c  ****     0x8000000080008081ULL, 0x8000000000008080ULL,
  24:mayo_shake.c  ****     0x0000000080000001ULL, 0x8000000080008008ULL,
  25:mayo_shake.c  **** };
  26:mayo_shake.c  **** 
  27:mayo_shake.c  **** /* Rho rotation offsets indexed as state[5*y+x] */
  28:mayo_shake.c  **** static const uint8_t RHO[25] = {
  29:mayo_shake.c  ****      0,  1, 62, 28, 27,
  30:mayo_shake.c  ****     36, 44,  6, 55, 20,
  31:mayo_shake.c  ****      3, 10, 43, 25, 39,
  32:mayo_shake.c  ****     41, 45, 15, 21,  8,
  33:mayo_shake.c  ****     18,  2, 61, 56, 14
  34:mayo_shake.c  **** };
  35:mayo_shake.c  **** 
  36:mayo_shake.c  **** /* Static temp buffer avoids 200 bytes of stack inside keccak_f */
  37:mayo_shake.c  **** static uint64_t kf_B[25];
  38:mayo_shake.c  **** 
  39:mayo_shake.c  **** static void keccak_f1600(uint64_t *a)
  40:mayo_shake.c  **** {
  27              		.loc 1 40 1 view -0
  28              		.cfi_startproc
  29              		@ args = 0, pretend = 0, frame = 288
  30              		@ frame_needed = 0, uses_anonymous_args = 0
  41:mayo_shake.c  ****     int i;
  31              		.loc 1 41 5 view .LVU1
  42:mayo_shake.c  ****     uint64_t c[5], d[5];
  32              		.loc 1 42 5 view .LVU2
  43:mayo_shake.c  **** 
  44:mayo_shake.c  ****     for (i = 0; i < 24; i++) {
  33              		.loc 1 44 5 view .LVU3
  34              		.loc 1 44 19 discriminator 1 view .LVU4
  40:mayo_shake.c  ****     int i;
  35              		.loc 1 40 1 is_stmt 0 view .LVU5
  36 0000 F0B5     		push	{r4, r5, r6, r7, lr}
  37              	.LCFI0:
  38              		.cfi_def_cfa_offset 20
  39              		.cfi_offset 4, -20
  40              		.cfi_offset 5, -16
  41              		.cfi_offset 6, -12
  42              		.cfi_offset 7, -8
  43              		.cfi_offset 14, -4
  44 0002 F94B     		ldr	r3, .L10
  45 0004 C9B0     		sub	sp, sp, #292
  46              	.LCFI1:
  47              		.cfi_def_cfa_offset 312
  48 0006 0793     		str	r3, [sp, #28]
  49              		.loc 1 44 12 view .LVU6
  50 0008 0023     		movs	r3, #0
  40:mayo_shake.c  ****     int i;
  51              		.loc 1 40 1 view .LVU7
  52 000a 0400     		movs	r4, r0
  53              		.loc 1 44 12 view .LVU8
  54 000c 1093     		str	r3, [sp, #64]
  55              	.LVL1:
  56              	.L6:
  45:mayo_shake.c  ****         /* Theta */
  46:mayo_shake.c  ****         c[0] = a[0] ^ a[5]  ^ a[10] ^ a[15] ^ a[20];
  57              		.loc 1 46 9 is_stmt 1 view .LVU9
  58              		.loc 1 46 17 is_stmt 0 view .LVU10
  59 000e 2368     		ldr	r3, [r4]
  47:mayo_shake.c  ****         c[1] = a[1] ^ a[6]  ^ a[11] ^ a[16] ^ a[21];
  48:mayo_shake.c  ****         c[2] = a[2] ^ a[7]  ^ a[12] ^ a[17] ^ a[22];
  49:mayo_shake.c  ****         c[3] = a[3] ^ a[8]  ^ a[13] ^ a[18] ^ a[23];
  50:mayo_shake.c  ****         c[4] = a[4] ^ a[9]  ^ a[14] ^ a[19] ^ a[24];
  60              		.loc 1 50 40 view .LVU11
  61 0010 2500     		movs	r5, r4
  46:mayo_shake.c  ****         c[1] = a[1] ^ a[6]  ^ a[11] ^ a[16] ^ a[21];
  62              		.loc 1 46 17 view .LVU12
  63 0012 1693     		str	r3, [sp, #88]
  64 0014 6368     		ldr	r3, [r4, #4]
  46:mayo_shake.c  ****         c[1] = a[1] ^ a[6]  ^ a[11] ^ a[16] ^ a[21];
  65              		.loc 1 46 21 view .LVU13
  66 0016 169A     		ldr	r2, [sp, #88]
  46:mayo_shake.c  ****         c[1] = a[1] ^ a[6]  ^ a[11] ^ a[16] ^ a[21];
  67              		.loc 1 46 17 view .LVU14
  68 0018 1793     		str	r3, [sp, #92]
  46:mayo_shake.c  ****         c[1] = a[1] ^ a[6]  ^ a[11] ^ a[16] ^ a[21];
  69              		.loc 1 46 24 view .LVU15
  70 001a A36A     		ldr	r3, [r4, #40]
  71              		.loc 1 50 40 view .LVU16
  72 001c 9835     		adds	r5, r5, #152
  46:mayo_shake.c  ****         c[1] = a[1] ^ a[6]  ^ a[11] ^ a[16] ^ a[21];
  73              		.loc 1 46 24 view .LVU17
  74 001e 1893     		str	r3, [sp, #96]
  75 0020 E36A     		ldr	r3, [r4, #44]
  76 0022 1993     		str	r3, [sp, #100]
  46:mayo_shake.c  ****         c[1] = a[1] ^ a[6]  ^ a[11] ^ a[16] ^ a[21];
  77              		.loc 1 46 32 view .LVU18
  78 0024 236D     		ldr	r3, [r4, #80]
  46:mayo_shake.c  ****         c[1] = a[1] ^ a[6]  ^ a[11] ^ a[16] ^ a[21];
  79              		.loc 1 46 21 view .LVU19
  80 0026 1999     		ldr	r1, [sp, #100]
  46:mayo_shake.c  ****         c[1] = a[1] ^ a[6]  ^ a[11] ^ a[16] ^ a[21];
  81              		.loc 1 46 32 view .LVU20
  82 0028 1A93     		str	r3, [sp, #104]
  83 002a 636D     		ldr	r3, [r4, #84]
  84 002c 1B93     		str	r3, [sp, #108]
  46:mayo_shake.c  ****         c[1] = a[1] ^ a[6]  ^ a[11] ^ a[16] ^ a[21];
  85              		.loc 1 46 40 view .LVU21
  86 002e A36F     		ldr	r3, [r4, #120]
  87 0030 1C93     		str	r3, [sp, #112]
  88 0032 E36F     		ldr	r3, [r4, #124]
  89 0034 1D93     		str	r3, [sp, #116]
  46:mayo_shake.c  ****         c[1] = a[1] ^ a[6]  ^ a[11] ^ a[16] ^ a[21];
  90              		.loc 1 46 48 view .LVU22
  91 0036 2300     		movs	r3, r4
  92 0038 A033     		adds	r3, r3, #160
  93 003a 0893     		str	r3, [sp, #32]
  94 003c 1B68     		ldr	r3, [r3]
  95 003e 1E93     		str	r3, [sp, #120]
  96 0040 089B     		ldr	r3, [sp, #32]
  97 0042 5B68     		ldr	r3, [r3, #4]
  98 0044 1F93     		str	r3, [sp, #124]
  46:mayo_shake.c  ****         c[1] = a[1] ^ a[6]  ^ a[11] ^ a[16] ^ a[21];
  99              		.loc 1 46 21 view .LVU23
 100 0046 189B     		ldr	r3, [sp, #96]
 101 0048 5A40     		eors	r2, r3
 102 004a 179B     		ldr	r3, [sp, #92]
 103 004c 4B40     		eors	r3, r1
  46:mayo_shake.c  ****         c[1] = a[1] ^ a[6]  ^ a[11] ^ a[16] ^ a[21];
 104              		.loc 1 46 29 view .LVU24
 105 004e 1A99     		ldr	r1, [sp, #104]
 106 0050 4A40     		eors	r2, r1
 107 0052 1B99     		ldr	r1, [sp, #108]
 108 0054 4B40     		eors	r3, r1
  46:mayo_shake.c  ****         c[1] = a[1] ^ a[6]  ^ a[11] ^ a[16] ^ a[21];
 109              		.loc 1 46 37 view .LVU25
 110 0056 1C99     		ldr	r1, [sp, #112]
 111 0058 4A40     		eors	r2, r1
 112 005a 1D99     		ldr	r1, [sp, #116]
 113 005c 4B40     		eors	r3, r1
  46:mayo_shake.c  ****         c[1] = a[1] ^ a[6]  ^ a[11] ^ a[16] ^ a[21];
 114              		.loc 1 46 45 view .LVU26
 115 005e 1E99     		ldr	r1, [sp, #120]
 116 0060 5140     		eors	r1, r2
 117 0062 1191     		str	r1, [sp, #68]
 118 0064 1F9A     		ldr	r2, [sp, #124]
 119 0066 5A40     		eors	r2, r3
  47:mayo_shake.c  ****         c[1] = a[1] ^ a[6]  ^ a[11] ^ a[16] ^ a[21];
 120              		.loc 1 47 17 view .LVU27
 121 0068 A368     		ldr	r3, [r4, #8]
  46:mayo_shake.c  ****         c[1] = a[1] ^ a[6]  ^ a[11] ^ a[16] ^ a[21];
 122              		.loc 1 46 45 view .LVU28
 123 006a 1292     		str	r2, [sp, #72]
 124              	.LVL2:
  47:mayo_shake.c  ****         c[1] = a[1] ^ a[6]  ^ a[11] ^ a[16] ^ a[21];
 125              		.loc 1 47 9 is_stmt 1 view .LVU29
  47:mayo_shake.c  ****         c[1] = a[1] ^ a[6]  ^ a[11] ^ a[16] ^ a[21];
 126              		.loc 1 47 17 is_stmt 0 view .LVU30
 127 006c 2093     		str	r3, [sp, #128]
 128 006e E368     		ldr	r3, [r4, #12]
  47:mayo_shake.c  ****         c[1] = a[1] ^ a[6]  ^ a[11] ^ a[16] ^ a[21];
 129              		.loc 1 47 21 view .LVU31
 130 0070 209A     		ldr	r2, [sp, #128]
 131              	.LVL3:
  47:mayo_shake.c  ****         c[1] = a[1] ^ a[6]  ^ a[11] ^ a[16] ^ a[21];
 132              		.loc 1 47 17 view .LVU32
 133 0072 2193     		str	r3, [sp, #132]
  47:mayo_shake.c  ****         c[1] = a[1] ^ a[6]  ^ a[11] ^ a[16] ^ a[21];
 134              		.loc 1 47 24 view .LVU33
 135 0074 236B     		ldr	r3, [r4, #48]
 136 0076 2293     		str	r3, [sp, #136]
 137 0078 636B     		ldr	r3, [r4, #52]
 138 007a 2393     		str	r3, [sp, #140]
  47:mayo_shake.c  ****         c[1] = a[1] ^ a[6]  ^ a[11] ^ a[16] ^ a[21];
 139              		.loc 1 47 32 view .LVU34
 140 007c A36D     		ldr	r3, [r4, #88]
  47:mayo_shake.c  ****         c[1] = a[1] ^ a[6]  ^ a[11] ^ a[16] ^ a[21];
 141              		.loc 1 47 21 view .LVU35
 142 007e 2399     		ldr	r1, [sp, #140]
 143              	.LVL4:
  47:mayo_shake.c  ****         c[1] = a[1] ^ a[6]  ^ a[11] ^ a[16] ^ a[21];
 144              		.loc 1 47 32 view .LVU36
 145 0080 2493     		str	r3, [sp, #144]
 146 0082 E36D     		ldr	r3, [r4, #92]
 147 0084 2593     		str	r3, [sp, #148]
  47:mayo_shake.c  ****         c[1] = a[1] ^ a[6]  ^ a[11] ^ a[16] ^ a[21];
 148              		.loc 1 47 40 view .LVU37
 149 0086 2300     		movs	r3, r4
 150 0088 8033     		adds	r3, r3, #128
 151 008a 0A93     		str	r3, [sp, #40]
 152 008c 1B68     		ldr	r3, [r3]
 153 008e 2693     		str	r3, [sp, #152]
 154 0090 0A9B     		ldr	r3, [sp, #40]
 155 0092 5B68     		ldr	r3, [r3, #4]
 156 0094 2793     		str	r3, [sp, #156]
  47:mayo_shake.c  ****         c[1] = a[1] ^ a[6]  ^ a[11] ^ a[16] ^ a[21];
 157              		.loc 1 47 48 view .LVU38
 158 0096 2300     		movs	r3, r4
 159 0098 A833     		adds	r3, r3, #168
 160 009a 0B93     		str	r3, [sp, #44]
 161 009c 1B68     		ldr	r3, [r3]
 162 009e 2893     		str	r3, [sp, #160]
 163 00a0 0B9B     		ldr	r3, [sp, #44]
 164 00a2 5B68     		ldr	r3, [r3, #4]
 165 00a4 2993     		str	r3, [sp, #164]
  47:mayo_shake.c  ****         c[1] = a[1] ^ a[6]  ^ a[11] ^ a[16] ^ a[21];
 166              		.loc 1 47 21 view .LVU39
 167 00a6 229B     		ldr	r3, [sp, #136]
 168 00a8 5A40     		eors	r2, r3
 169 00aa 219B     		ldr	r3, [sp, #132]
 170 00ac 4B40     		eors	r3, r1
  47:mayo_shake.c  ****         c[1] = a[1] ^ a[6]  ^ a[11] ^ a[16] ^ a[21];
 171              		.loc 1 47 29 view .LVU40
 172 00ae 2499     		ldr	r1, [sp, #144]
 173 00b0 4A40     		eors	r2, r1
 174 00b2 2599     		ldr	r1, [sp, #148]
 175 00b4 4B40     		eors	r3, r1
  47:mayo_shake.c  ****         c[1] = a[1] ^ a[6]  ^ a[11] ^ a[16] ^ a[21];
 176              		.loc 1 47 37 view .LVU41
 177 00b6 2699     		ldr	r1, [sp, #152]
 178 00b8 4A40     		eors	r2, r1
 179 00ba 2799     		ldr	r1, [sp, #156]
 180 00bc 4B40     		eors	r3, r1
  47:mayo_shake.c  ****         c[1] = a[1] ^ a[6]  ^ a[11] ^ a[16] ^ a[21];
 181              		.loc 1 47 45 view .LVU42
 182 00be 2899     		ldr	r1, [sp, #160]
 183 00c0 5140     		eors	r1, r2
 184 00c2 299A     		ldr	r2, [sp, #164]
 185 00c4 0591     		str	r1, [sp, #20]
 186 00c6 5A40     		eors	r2, r3
  48:mayo_shake.c  ****         c[3] = a[3] ^ a[8]  ^ a[13] ^ a[18] ^ a[23];
 187              		.loc 1 48 17 view .LVU43
 188 00c8 2369     		ldr	r3, [r4, #16]
  47:mayo_shake.c  ****         c[1] = a[1] ^ a[6]  ^ a[11] ^ a[16] ^ a[21];
 189              		.loc 1 47 45 view .LVU44
 190 00ca 0692     		str	r2, [sp, #24]
 191              	.LVL5:
  48:mayo_shake.c  ****         c[3] = a[3] ^ a[8]  ^ a[13] ^ a[18] ^ a[23];
 192              		.loc 1 48 9 is_stmt 1 view .LVU45
  48:mayo_shake.c  ****         c[3] = a[3] ^ a[8]  ^ a[13] ^ a[18] ^ a[23];
 193              		.loc 1 48 17 is_stmt 0 view .LVU46
 194 00cc 2A93     		str	r3, [sp, #168]
 195 00ce 6369     		ldr	r3, [r4, #20]
  48:mayo_shake.c  ****         c[3] = a[3] ^ a[8]  ^ a[13] ^ a[18] ^ a[23];
 196              		.loc 1 48 21 view .LVU47
 197 00d0 2A9A     		ldr	r2, [sp, #168]
 198              	.LVL6:
  48:mayo_shake.c  ****         c[3] = a[3] ^ a[8]  ^ a[13] ^ a[18] ^ a[23];
 199              		.loc 1 48 17 view .LVU48
 200 00d2 2B93     		str	r3, [sp, #172]
  48:mayo_shake.c  ****         c[3] = a[3] ^ a[8]  ^ a[13] ^ a[18] ^ a[23];
 201              		.loc 1 48 24 view .LVU49
 202 00d4 A36B     		ldr	r3, [r4, #56]
 203 00d6 2C93     		str	r3, [sp, #176]
 204 00d8 E36B     		ldr	r3, [r4, #60]
 205 00da 2D93     		str	r3, [sp, #180]
  48:mayo_shake.c  ****         c[3] = a[3] ^ a[8]  ^ a[13] ^ a[18] ^ a[23];
 206              		.loc 1 48 32 view .LVU50
 207 00dc 236E     		ldr	r3, [r4, #96]
 208 00de 2E93     		str	r3, [sp, #184]
 209 00e0 636E     		ldr	r3, [r4, #100]
 210 00e2 2F93     		str	r3, [sp, #188]
  48:mayo_shake.c  ****         c[3] = a[3] ^ a[8]  ^ a[13] ^ a[18] ^ a[23];
 211              		.loc 1 48 40 view .LVU51
 212 00e4 2300     		movs	r3, r4
 213 00e6 8833     		adds	r3, r3, #136
 214 00e8 0C93     		str	r3, [sp, #48]
 215 00ea 1B68     		ldr	r3, [r3]
 216 00ec 3093     		str	r3, [sp, #192]
 217 00ee 0C9B     		ldr	r3, [sp, #48]
 218 00f0 5B68     		ldr	r3, [r3, #4]
 219 00f2 3193     		str	r3, [sp, #196]
  48:mayo_shake.c  ****         c[3] = a[3] ^ a[8]  ^ a[13] ^ a[18] ^ a[23];
 220              		.loc 1 48 48 view .LVU52
 221 00f4 2300     		movs	r3, r4
 222 00f6 B033     		adds	r3, r3, #176
 223 00f8 0D93     		str	r3, [sp, #52]
 224 00fa 1B68     		ldr	r3, [r3]
 225 00fc 3293     		str	r3, [sp, #200]
 226 00fe 0D9B     		ldr	r3, [sp, #52]
 227 0100 5B68     		ldr	r3, [r3, #4]
 228 0102 3393     		str	r3, [sp, #204]
  48:mayo_shake.c  ****         c[3] = a[3] ^ a[8]  ^ a[13] ^ a[18] ^ a[23];
 229              		.loc 1 48 21 view .LVU53
 230 0104 2C9B     		ldr	r3, [sp, #176]
 231 0106 5A40     		eors	r2, r3
 232 0108 2B9B     		ldr	r3, [sp, #172]
 233 010a 2D99     		ldr	r1, [sp, #180]
 234              	.LVL7:
  48:mayo_shake.c  ****         c[3] = a[3] ^ a[8]  ^ a[13] ^ a[18] ^ a[23];
 235              		.loc 1 48 21 view .LVU54
 236 010c 4B40     		eors	r3, r1
  48:mayo_shake.c  ****         c[3] = a[3] ^ a[8]  ^ a[13] ^ a[18] ^ a[23];
 237              		.loc 1 48 29 view .LVU55
 238 010e 2E99     		ldr	r1, [sp, #184]
 239 0110 4A40     		eors	r2, r1
 240 0112 2F99     		ldr	r1, [sp, #188]
 241 0114 4B40     		eors	r3, r1
  48:mayo_shake.c  ****         c[3] = a[3] ^ a[8]  ^ a[13] ^ a[18] ^ a[23];
 242              		.loc 1 48 37 view .LVU56
 243 0116 3099     		ldr	r1, [sp, #192]
 244 0118 4A40     		eors	r2, r1
 245 011a 3199     		ldr	r1, [sp, #196]
 246 011c 4B40     		eors	r3, r1
  48:mayo_shake.c  ****         c[3] = a[3] ^ a[8]  ^ a[13] ^ a[18] ^ a[23];
 247              		.loc 1 48 45 view .LVU57
 248 011e 3299     		ldr	r1, [sp, #200]
 249 0120 5140     		eors	r1, r2
 250 0122 339A     		ldr	r2, [sp, #204]
 251 0124 1391     		str	r1, [sp, #76]
 252 0126 5A40     		eors	r2, r3
  49:mayo_shake.c  ****         c[4] = a[4] ^ a[9]  ^ a[14] ^ a[19] ^ a[24];
 253              		.loc 1 49 17 view .LVU58
 254 0128 A369     		ldr	r3, [r4, #24]
  48:mayo_shake.c  ****         c[3] = a[3] ^ a[8]  ^ a[13] ^ a[18] ^ a[23];
 255              		.loc 1 48 45 view .LVU59
 256 012a 1492     		str	r2, [sp, #80]
 257              	.LVL8:
  49:mayo_shake.c  ****         c[4] = a[4] ^ a[9]  ^ a[14] ^ a[19] ^ a[24];
 258              		.loc 1 49 9 is_stmt 1 view .LVU60
  49:mayo_shake.c  ****         c[4] = a[4] ^ a[9]  ^ a[14] ^ a[19] ^ a[24];
 259              		.loc 1 49 17 is_stmt 0 view .LVU61
 260 012c 3493     		str	r3, [sp, #208]
 261 012e E369     		ldr	r3, [r4, #28]
 262 0130 3593     		str	r3, [sp, #212]
  49:mayo_shake.c  ****         c[4] = a[4] ^ a[9]  ^ a[14] ^ a[19] ^ a[24];
 263              		.loc 1 49 24 view .LVU62
 264 0132 236C     		ldr	r3, [r4, #64]
 265 0134 3693     		str	r3, [sp, #216]
 266 0136 636C     		ldr	r3, [r4, #68]
 267 0138 3793     		str	r3, [sp, #220]
  49:mayo_shake.c  ****         c[4] = a[4] ^ a[9]  ^ a[14] ^ a[19] ^ a[24];
 268              		.loc 1 49 32 view .LVU63
 269 013a A36E     		ldr	r3, [r4, #104]
 270 013c 3893     		str	r3, [sp, #224]
 271 013e E36E     		ldr	r3, [r4, #108]
 272 0140 3993     		str	r3, [sp, #228]
  49:mayo_shake.c  ****         c[4] = a[4] ^ a[9]  ^ a[14] ^ a[19] ^ a[24];
 273              		.loc 1 49 40 view .LVU64
 274 0142 2300     		movs	r3, r4
 275 0144 9033     		adds	r3, r3, #144
 276 0146 0E93     		str	r3, [sp, #56]
 277 0148 1B68     		ldr	r3, [r3]
 278 014a 3A93     		str	r3, [sp, #232]
 279 014c 0E9B     		ldr	r3, [sp, #56]
 280 014e 5B68     		ldr	r3, [r3, #4]
 281 0150 3B93     		str	r3, [sp, #236]
  49:mayo_shake.c  ****         c[4] = a[4] ^ a[9]  ^ a[14] ^ a[19] ^ a[24];
 282              		.loc 1 49 48 view .LVU65
 283 0152 B823     		movs	r3, #184
 284 0154 9C46     		mov	ip, r3
 285 0156 A444     		add	ip, ip, r4
 286 0158 6346     		mov	r3, ip
 287 015a 1B68     		ldr	r3, [r3]
 288 015c 3C93     		str	r3, [sp, #240]
 289 015e 6346     		mov	r3, ip
 290 0160 5B68     		ldr	r3, [r3, #4]
 291 0162 3D93     		str	r3, [sp, #244]
  49:mayo_shake.c  ****         c[4] = a[4] ^ a[9]  ^ a[14] ^ a[19] ^ a[24];
 292              		.loc 1 49 21 view .LVU66
 293 0164 3498     		ldr	r0, [sp, #208]
 294 0166 369B     		ldr	r3, [sp, #216]
 295 0168 3599     		ldr	r1, [sp, #212]
 296              	.LVL9:
  49:mayo_shake.c  ****         c[4] = a[4] ^ a[9]  ^ a[14] ^ a[19] ^ a[24];
 297              		.loc 1 49 21 view .LVU67
 298 016a 5840     		eors	r0, r3
 299 016c 379B     		ldr	r3, [sp, #220]
 300 016e 5940     		eors	r1, r3
  49:mayo_shake.c  ****         c[4] = a[4] ^ a[9]  ^ a[14] ^ a[19] ^ a[24];
 301              		.loc 1 49 29 view .LVU68
 302 0170 389B     		ldr	r3, [sp, #224]
 303 0172 5840     		eors	r0, r3
 304 0174 399B     		ldr	r3, [sp, #228]
 305 0176 5940     		eors	r1, r3
  49:mayo_shake.c  ****         c[4] = a[4] ^ a[9]  ^ a[14] ^ a[19] ^ a[24];
 306              		.loc 1 49 37 view .LVU69
 307 0178 3A9B     		ldr	r3, [sp, #232]
 308 017a 5840     		eors	r0, r3
 309 017c 3B9B     		ldr	r3, [sp, #236]
 310 017e 5940     		eors	r1, r3
  49:mayo_shake.c  ****         c[4] = a[4] ^ a[9]  ^ a[14] ^ a[19] ^ a[24];
 311              		.loc 1 49 45 view .LVU70
 312 0180 3C9B     		ldr	r3, [sp, #240]
 313 0182 4340     		eors	r3, r0
 314              		.loc 1 50 48 view .LVU71
 315 0184 2000     		movs	r0, r4
  49:mayo_shake.c  ****         c[4] = a[4] ^ a[9]  ^ a[14] ^ a[19] ^ a[24];
 316              		.loc 1 49 45 view .LVU72
 317 0186 1593     		str	r3, [sp, #84]
 318 0188 3D9B     		ldr	r3, [sp, #244]
 319              		.loc 1 50 48 view .LVU73
 320 018a C030     		adds	r0, r0, #192
  49:mayo_shake.c  ****         c[4] = a[4] ^ a[9]  ^ a[14] ^ a[19] ^ a[24];
 321              		.loc 1 49 45 view .LVU74
 322 018c 5940     		eors	r1, r3
 323              	.LVL10:
 324              		.loc 1 50 9 is_stmt 1 view .LVU75
 325              		.loc 1 50 17 is_stmt 0 view .LVU76
 326 018e 236A     		ldr	r3, [r4, #32]
 327              		.loc 1 50 48 view .LVU77
 328 0190 0F90     		str	r0, [sp, #60]
 329              		.loc 1 50 17 view .LVU78
 330 0192 3E93     		str	r3, [sp, #248]
 331 0194 636A     		ldr	r3, [r4, #36]
 332 0196 3F93     		str	r3, [sp, #252]
 333              		.loc 1 50 24 view .LVU79
 334 0198 A36C     		ldr	r3, [r4, #72]
 335 019a 4093     		str	r3, [sp, #256]
 336 019c E36C     		ldr	r3, [r4, #76]
 337 019e 4193     		str	r3, [sp, #260]
 338              		.loc 1 50 32 view .LVU80
 339 01a0 236F     		ldr	r3, [r4, #112]
 340 01a2 4293     		str	r3, [sp, #264]
 341 01a4 636F     		ldr	r3, [r4, #116]
 342 01a6 4393     		str	r3, [sp, #268]
 343              		.loc 1 50 40 view .LVU81
 344 01a8 2B68     		ldr	r3, [r5]
 345 01aa 4493     		str	r3, [sp, #272]
 346 01ac 6B68     		ldr	r3, [r5, #4]
 347 01ae 4593     		str	r3, [sp, #276]
 348              		.loc 1 50 48 view .LVU82
 349 01b0 0368     		ldr	r3, [r0]
 350 01b2 4693     		str	r3, [sp, #280]
 351 01b4 4368     		ldr	r3, [r0, #4]
 352 01b6 4793     		str	r3, [sp, #284]
 353              		.loc 1 50 21 view .LVU83
 354 01b8 3E9A     		ldr	r2, [sp, #248]
 355              	.LVL11:
 356              		.loc 1 50 21 view .LVU84
 357 01ba 409B     		ldr	r3, [sp, #256]
 358 01bc 4198     		ldr	r0, [sp, #260]
 359 01be 5A40     		eors	r2, r3
 360 01c0 3F9B     		ldr	r3, [sp, #252]
 361 01c2 4340     		eors	r3, r0
 362              		.loc 1 50 29 view .LVU85
 363 01c4 4298     		ldr	r0, [sp, #264]
 364 01c6 4240     		eors	r2, r0
 365 01c8 4398     		ldr	r0, [sp, #268]
 366 01ca 4340     		eors	r3, r0
 367              		.loc 1 50 37 view .LVU86
 368 01cc 4498     		ldr	r0, [sp, #272]
 369 01ce 4240     		eors	r2, r0
 370 01d0 4598     		ldr	r0, [sp, #276]
 371 01d2 4340     		eors	r3, r0
 372              		.loc 1 50 45 view .LVU87
 373 01d4 4698     		ldr	r0, [sp, #280]
 374 01d6 4240     		eors	r2, r0
 375 01d8 4798     		ldr	r0, [sp, #284]
 376 01da 4340     		eors	r3, r0
  51:mayo_shake.c  **** 
  52:mayo_shake.c  ****         d[0] = c[4] ^ ROT64(c[1], 1);
 377              		.loc 1 52 9 is_stmt 1 view .LVU88
 378              		.loc 1 52 23 is_stmt 0 view .LVU89
 379 01dc 0698     		ldr	r0, [sp, #24]
 380 01de C70F     		lsrs	r7, r0, #31
 381 01e0 0598     		ldr	r0, [sp, #20]
 382 01e2 4600     		lsls	r6, r0, #1
 383 01e4 3743     		orrs	r7, r6
 384 01e6 C60F     		lsrs	r6, r0, #31
 385 01e8 0698     		ldr	r0, [sp, #24]
 386              		.loc 1 52 21 view .LVU90
 387 01ea 5740     		eors	r7, r2
 388              		.loc 1 52 23 view .LVU91
 389 01ec 4000     		lsls	r0, r0, #1
 390 01ee 0643     		orrs	r6, r0
  53:mayo_shake.c  ****         d[1] = c[0] ^ ROT64(c[2], 1);
 391              		.loc 1 53 23 view .LVU92
 392 01f0 1498     		ldr	r0, [sp, #80]
  52:mayo_shake.c  ****         d[1] = c[0] ^ ROT64(c[2], 1);
 393              		.loc 1 52 21 view .LVU93
 394 01f2 0197     		str	r7, [sp, #4]
 395              		.loc 1 53 23 view .LVU94
 396 01f4 C70F     		lsrs	r7, r0, #31
 397 01f6 1398     		ldr	r0, [sp, #76]
  52:mayo_shake.c  ****         d[1] = c[0] ^ ROT64(c[2], 1);
 398              		.loc 1 52 21 view .LVU95
 399 01f8 5E40     		eors	r6, r3
 400 01fa 0296     		str	r6, [sp, #8]
 401              	.LVL12:
 402              		.loc 1 53 9 is_stmt 1 view .LVU96
 403              		.loc 1 53 23 is_stmt 0 view .LVU97
 404 01fc 4600     		lsls	r6, r0, #1
 405              	.LVL13:
 406              		.loc 1 53 23 view .LVU98
 407 01fe 3743     		orrs	r7, r6
 408 0200 C60F     		lsrs	r6, r0, #31
 409 0202 1498     		ldr	r0, [sp, #80]
 410 0204 4000     		lsls	r0, r0, #1
 411 0206 0643     		orrs	r6, r0
 412              		.loc 1 53 21 view .LVU99
 413 0208 1198     		ldr	r0, [sp, #68]
 414 020a 7840     		eors	r0, r7
 415 020c 0390     		str	r0, [sp, #12]
 416 020e 1298     		ldr	r0, [sp, #72]
  54:mayo_shake.c  ****         d[2] = c[1] ^ ROT64(c[3], 1);
 417              		.loc 1 54 23 view .LVU100
 418 0210 CF0F     		lsrs	r7, r1, #31
  53:mayo_shake.c  ****         d[1] = c[0] ^ ROT64(c[2], 1);
 419              		.loc 1 53 21 view .LVU101
 420 0212 7040     		eors	r0, r6
 421 0214 0490     		str	r0, [sp, #16]
 422              	.LVL14:
 423              		.loc 1 54 9 is_stmt 1 view .LVU102
 424              		.loc 1 54 23 is_stmt 0 view .LVU103
 425 0216 1598     		ldr	r0, [sp, #84]
 426              	.LVL15:
 427              		.loc 1 54 23 view .LVU104
 428 0218 4600     		lsls	r6, r0, #1
 429 021a 3743     		orrs	r7, r6
 430 021c C60F     		lsrs	r6, r0, #31
 431 021e 4800     		lsls	r0, r1, #1
 432 0220 0643     		orrs	r6, r0
 433              		.loc 1 54 21 view .LVU105
 434 0222 0598     		ldr	r0, [sp, #20]
 435 0224 7840     		eors	r0, r7
 436 0226 0590     		str	r0, [sp, #20]
 437              	.LVL16:
 438              		.loc 1 54 21 view .LVU106
 439 0228 0698     		ldr	r0, [sp, #24]
  55:mayo_shake.c  ****         d[3] = c[2] ^ ROT64(c[4], 1);
 440              		.loc 1 55 23 view .LVU107
 441 022a DF0F     		lsrs	r7, r3, #31
  54:mayo_shake.c  ****         d[2] = c[1] ^ ROT64(c[3], 1);
 442              		.loc 1 54 21 view .LVU108
 443 022c 7040     		eors	r0, r6
 444              		.loc 1 55 23 view .LVU109
 445 022e 5600     		lsls	r6, r2, #1
 446 0230 3743     		orrs	r7, r6
 447 0232 D20F     		lsrs	r2, r2, #31
 448              		.loc 1 55 21 view .LVU110
 449 0234 149E     		ldr	r6, [sp, #80]
 450              		.loc 1 55 23 view .LVU111
 451 0236 5B00     		lsls	r3, r3, #1
 452 0238 1343     		orrs	r3, r2
 453              		.loc 1 55 21 view .LVU112
 454 023a 5E40     		eors	r6, r3
 455 023c 139A     		ldr	r2, [sp, #76]
  56:mayo_shake.c  ****         d[4] = c[3] ^ ROT64(c[0], 1);
 456              		.loc 1 56 23 view .LVU113
 457 023e 129B     		ldr	r3, [sp, #72]
  55:mayo_shake.c  ****         d[3] = c[2] ^ ROT64(c[4], 1);
 458              		.loc 1 55 21 view .LVU114
 459 0240 5740     		eors	r7, r2
 460              		.loc 1 56 23 view .LVU115
 461 0242 DA0F     		lsrs	r2, r3, #31
 462 0244 119B     		ldr	r3, [sp, #68]
  54:mayo_shake.c  ****         d[2] = c[1] ^ ROT64(c[3], 1);
 463              		.loc 1 54 21 view .LVU116
 464 0246 0690     		str	r0, [sp, #24]
 465              	.LVL17:
  55:mayo_shake.c  ****         d[3] = c[2] ^ ROT64(c[4], 1);
 466              		.loc 1 55 9 is_stmt 1 view .LVU117
 467              		.loc 1 56 9 view .LVU118
 468              		.loc 1 56 23 is_stmt 0 view .LVU119
 469 0248 5B00     		lsls	r3, r3, #1
 470 024a 1A43     		orrs	r2, r3
 471 024c 119B     		ldr	r3, [sp, #68]
 472 024e 1298     		ldr	r0, [sp, #72]
 473              	.LVL18:
 474              		.loc 1 56 23 view .LVU120
 475 0250 DB0F     		lsrs	r3, r3, #31
 476 0252 4000     		lsls	r0, r0, #1
 477 0254 0343     		orrs	r3, r0
 478              		.loc 1 56 21 view .LVU121
 479 0256 1598     		ldr	r0, [sp, #84]
 480 0258 4B40     		eors	r3, r1
 481 025a 4240     		eors	r2, r0
  57:mayo_shake.c  **** 
  58:mayo_shake.c  ****         a[0]^=d[0]; a[1]^=d[1]; a[2]^=d[2]; a[3]^=d[3]; a[4]^=d[4];
 482              		.loc 1 58 9 is_stmt 1 view .LVU122
 483              		.loc 1 58 13 is_stmt 0 view .LVU123
 484 025c 1699     		ldr	r1, [sp, #88]
 485              	.LVL19:
 486              		.loc 1 58 13 view .LVU124
 487 025e 0198     		ldr	r0, [sp, #4]
 488 0260 4140     		eors	r1, r0
 489 0262 2160     		str	r1, [r4]
 490              	.LVL20:
 491              		.loc 1 58 13 view .LVU125
 492 0264 0298     		ldr	r0, [sp, #8]
 493 0266 1799     		ldr	r1, [sp, #92]
 494 0268 4140     		eors	r1, r0
 495 026a 6160     		str	r1, [r4, #4]
 496              		.loc 1 58 21 is_stmt 1 view .LVU126
 497              		.loc 1 58 25 is_stmt 0 view .LVU127
 498 026c 0398     		ldr	r0, [sp, #12]
 499 026e 2099     		ldr	r1, [sp, #128]
 500 0270 4140     		eors	r1, r0
 501 0272 A160     		str	r1, [r4, #8]
 502              	.LVL21:
 503              		.loc 1 58 25 view .LVU128
 504 0274 0498     		ldr	r0, [sp, #16]
 505 0276 2199     		ldr	r1, [sp, #132]
 506 0278 4140     		eors	r1, r0
 507 027a E160     		str	r1, [r4, #12]
 508              	.LVL22:
 509              		.loc 1 58 33 is_stmt 1 view .LVU129
 510              		.loc 1 58 37 is_stmt 0 view .LVU130
 511 027c 0598     		ldr	r0, [sp, #20]
 512 027e 2A99     		ldr	r1, [sp, #168]
 513 0280 4140     		eors	r1, r0
 514 0282 2161     		str	r1, [r4, #16]
 515 0284 0698     		ldr	r0, [sp, #24]
 516 0286 2B99     		ldr	r1, [sp, #172]
 517 0288 4140     		eors	r1, r0
 518 028a 6161     		str	r1, [r4, #20]
 519              		.loc 1 58 45 is_stmt 1 view .LVU131
 520              		.loc 1 58 49 is_stmt 0 view .LVU132
 521 028c 3499     		ldr	r1, [sp, #208]
  59:mayo_shake.c  ****         a[5]^=d[0]; a[6]^=d[1]; a[7]^=d[2]; a[8]^=d[3]; a[9]^=d[4];
 522              		.loc 1 59 13 view .LVU133
 523 028e 0198     		ldr	r0, [sp, #4]
  58:mayo_shake.c  ****         a[5]^=d[0]; a[6]^=d[1]; a[7]^=d[2]; a[8]^=d[3]; a[9]^=d[4];
 524              		.loc 1 58 49 view .LVU134
 525 0290 7940     		eors	r1, r7
 526 0292 A161     		str	r1, [r4, #24]
 527 0294 3599     		ldr	r1, [sp, #212]
 528 0296 7140     		eors	r1, r6
 529 0298 E161     		str	r1, [r4, #28]
 530              	.LVL23:
  58:mayo_shake.c  ****         a[5]^=d[0]; a[6]^=d[1]; a[7]^=d[2]; a[8]^=d[3]; a[9]^=d[4];
 531              		.loc 1 58 57 is_stmt 1 view .LVU135
  58:mayo_shake.c  ****         a[5]^=d[0]; a[6]^=d[1]; a[7]^=d[2]; a[8]^=d[3]; a[9]^=d[4];
 532              		.loc 1 58 61 is_stmt 0 view .LVU136
 533 029a 3E99     		ldr	r1, [sp, #248]
 534 029c 5140     		eors	r1, r2
 535 029e 2162     		str	r1, [r4, #32]
 536 02a0 3F99     		ldr	r1, [sp, #252]
 537 02a2 5940     		eors	r1, r3
 538 02a4 6162     		str	r1, [r4, #36]
 539              		.loc 1 59 9 is_stmt 1 view .LVU137
 540              		.loc 1 59 13 is_stmt 0 view .LVU138
 541 02a6 1899     		ldr	r1, [sp, #96]
 542 02a8 4140     		eors	r1, r0
 543 02aa A162     		str	r1, [r4, #40]
 544 02ac 1999     		ldr	r1, [sp, #100]
 545 02ae 0298     		ldr	r0, [sp, #8]
 546 02b0 4140     		eors	r1, r0
 547 02b2 E162     		str	r1, [r4, #44]
 548              		.loc 1 59 21 is_stmt 1 view .LVU139
 549              		.loc 1 59 25 is_stmt 0 view .LVU140
 550 02b4 0398     		ldr	r0, [sp, #12]
 551 02b6 2299     		ldr	r1, [sp, #136]
 552 02b8 4140     		eors	r1, r0
 553 02ba 2163     		str	r1, [r4, #48]
 554              	.LVL24:
 555              		.loc 1 59 25 view .LVU141
 556 02bc 0498     		ldr	r0, [sp, #16]
 557 02be 2399     		ldr	r1, [sp, #140]
 558 02c0 4140     		eors	r1, r0
 559 02c2 6163     		str	r1, [r4, #52]
 560              	.LVL25:
 561              		.loc 1 59 33 is_stmt 1 view .LVU142
 562              		.loc 1 59 37 is_stmt 0 view .LVU143
 563 02c4 0598     		ldr	r0, [sp, #20]
 564 02c6 2C99     		ldr	r1, [sp, #176]
 565 02c8 4140     		eors	r1, r0
 566 02ca A163     		str	r1, [r4, #56]
 567 02cc 0698     		ldr	r0, [sp, #24]
 568 02ce 2D99     		ldr	r1, [sp, #180]
 569 02d0 4140     		eors	r1, r0
 570 02d2 E163     		str	r1, [r4, #60]
 571              		.loc 1 59 45 is_stmt 1 view .LVU144
 572              		.loc 1 59 49 is_stmt 0 view .LVU145
 573 02d4 3699     		ldr	r1, [sp, #216]
  60:mayo_shake.c  ****         a[10]^=d[0];a[11]^=d[1];a[12]^=d[2];a[13]^=d[3];a[14]^=d[4];
 574              		.loc 1 60 14 view .LVU146
 575 02d6 0198     		ldr	r0, [sp, #4]
  59:mayo_shake.c  ****         a[5]^=d[0]; a[6]^=d[1]; a[7]^=d[2]; a[8]^=d[3]; a[9]^=d[4];
 576              		.loc 1 59 49 view .LVU147
 577 02d8 7940     		eors	r1, r7
 578 02da 2164     		str	r1, [r4, #64]
 579 02dc 3799     		ldr	r1, [sp, #220]
 580 02de 7140     		eors	r1, r6
 581 02e0 6164     		str	r1, [r4, #68]
 582              	.LVL26:
  59:mayo_shake.c  ****         a[5]^=d[0]; a[6]^=d[1]; a[7]^=d[2]; a[8]^=d[3]; a[9]^=d[4];
 583              		.loc 1 59 57 is_stmt 1 view .LVU148
  59:mayo_shake.c  ****         a[5]^=d[0]; a[6]^=d[1]; a[7]^=d[2]; a[8]^=d[3]; a[9]^=d[4];
 584              		.loc 1 59 61 is_stmt 0 view .LVU149
 585 02e2 4099     		ldr	r1, [sp, #256]
 586 02e4 5140     		eors	r1, r2
 587 02e6 A164     		str	r1, [r4, #72]
 588 02e8 4199     		ldr	r1, [sp, #260]
 589 02ea 5940     		eors	r1, r3
 590 02ec E164     		str	r1, [r4, #76]
 591              		.loc 1 60 9 is_stmt 1 view .LVU150
 592              		.loc 1 60 14 is_stmt 0 view .LVU151
 593 02ee 1A99     		ldr	r1, [sp, #104]
 594 02f0 4140     		eors	r1, r0
 595 02f2 2165     		str	r1, [r4, #80]
 596 02f4 0298     		ldr	r0, [sp, #8]
 597 02f6 1B99     		ldr	r1, [sp, #108]
 598 02f8 4140     		eors	r1, r0
 599 02fa 6165     		str	r1, [r4, #84]
 600              		.loc 1 60 21 is_stmt 1 view .LVU152
 601              		.loc 1 60 26 is_stmt 0 view .LVU153
 602 02fc 0398     		ldr	r0, [sp, #12]
 603 02fe 2499     		ldr	r1, [sp, #144]
 604 0300 4140     		eors	r1, r0
 605 0302 A165     		str	r1, [r4, #88]
 606              	.LVL27:
 607              		.loc 1 60 26 view .LVU154
 608 0304 2599     		ldr	r1, [sp, #148]
 609 0306 0498     		ldr	r0, [sp, #16]
 610 0308 4140     		eors	r1, r0
 611 030a E165     		str	r1, [r4, #92]
 612              	.LVL28:
 613              		.loc 1 60 33 is_stmt 1 view .LVU155
 614              		.loc 1 60 38 is_stmt 0 view .LVU156
 615 030c 0598     		ldr	r0, [sp, #20]
 616 030e 2E99     		ldr	r1, [sp, #184]
 617 0310 4140     		eors	r1, r0
 618 0312 2166     		str	r1, [r4, #96]
 619 0314 0698     		ldr	r0, [sp, #24]
 620 0316 2F99     		ldr	r1, [sp, #188]
 621 0318 4140     		eors	r1, r0
 622 031a 6166     		str	r1, [r4, #100]
 623              		.loc 1 60 45 is_stmt 1 view .LVU157
 624              		.loc 1 60 50 is_stmt 0 view .LVU158
 625 031c 3899     		ldr	r1, [sp, #224]
  61:mayo_shake.c  ****         a[15]^=d[0];a[16]^=d[1];a[17]^=d[2];a[18]^=d[3];a[19]^=d[4];
 626              		.loc 1 61 14 view .LVU159
 627 031e 0198     		ldr	r0, [sp, #4]
  60:mayo_shake.c  ****         a[10]^=d[0];a[11]^=d[1];a[12]^=d[2];a[13]^=d[3];a[14]^=d[4];
 628              		.loc 1 60 50 view .LVU160
 629 0320 7940     		eors	r1, r7
 630 0322 A166     		str	r1, [r4, #104]
 631 0324 3999     		ldr	r1, [sp, #228]
 632 0326 7140     		eors	r1, r6
 633 0328 E166     		str	r1, [r4, #108]
 634              	.LVL29:
  60:mayo_shake.c  ****         a[10]^=d[0];a[11]^=d[1];a[12]^=d[2];a[13]^=d[3];a[14]^=d[4];
 635              		.loc 1 60 57 is_stmt 1 view .LVU161
  60:mayo_shake.c  ****         a[10]^=d[0];a[11]^=d[1];a[12]^=d[2];a[13]^=d[3];a[14]^=d[4];
 636              		.loc 1 60 62 is_stmt 0 view .LVU162
 637 032a 4299     		ldr	r1, [sp, #264]
 638 032c 5140     		eors	r1, r2
 639 032e 2167     		str	r1, [r4, #112]
 640 0330 4399     		ldr	r1, [sp, #268]
 641 0332 5940     		eors	r1, r3
 642 0334 6167     		str	r1, [r4, #116]
 643              		.loc 1 61 9 is_stmt 1 view .LVU163
 644              		.loc 1 61 14 is_stmt 0 view .LVU164
 645 0336 1C99     		ldr	r1, [sp, #112]
 646 0338 4140     		eors	r1, r0
 647 033a A167     		str	r1, [r4, #120]
 648 033c 0298     		ldr	r0, [sp, #8]
 649 033e 1D99     		ldr	r1, [sp, #116]
 650 0340 4140     		eors	r1, r0
 651 0342 E167     		str	r1, [r4, #124]
 652              		.loc 1 61 21 is_stmt 1 view .LVU165
 653              		.loc 1 61 26 is_stmt 0 view .LVU166
 654 0344 0398     		ldr	r0, [sp, #12]
 655 0346 2699     		ldr	r1, [sp, #152]
 656 0348 4140     		eors	r1, r0
 657 034a 0A98     		ldr	r0, [sp, #40]
 658 034c 0160     		str	r1, [r0]
 659              	.LVL30:
 660              		.loc 1 61 26 view .LVU167
 661 034e 0498     		ldr	r0, [sp, #16]
 662 0350 2799     		ldr	r1, [sp, #156]
 663 0352 4140     		eors	r1, r0
 664 0354 0A98     		ldr	r0, [sp, #40]
 665 0356 4160     		str	r1, [r0, #4]
 666              	.LVL31:
 667              		.loc 1 61 33 is_stmt 1 view .LVU168
 668              		.loc 1 61 38 is_stmt 0 view .LVU169
 669 0358 3099     		ldr	r1, [sp, #192]
 670 035a 0598     		ldr	r0, [sp, #20]
 671 035c 4140     		eors	r1, r0
 672 035e 0C98     		ldr	r0, [sp, #48]
 673 0360 0160     		str	r1, [r0]
 674 0362 0698     		ldr	r0, [sp, #24]
 675 0364 3199     		ldr	r1, [sp, #196]
 676 0366 4140     		eors	r1, r0
 677 0368 0C98     		ldr	r0, [sp, #48]
 678 036a 4160     		str	r1, [r0, #4]
 679              		.loc 1 61 45 is_stmt 1 view .LVU170
 680              		.loc 1 61 50 is_stmt 0 view .LVU171
 681 036c 3A99     		ldr	r1, [sp, #232]
 682 036e 0E98     		ldr	r0, [sp, #56]
 683 0370 7940     		eors	r1, r7
 684 0372 0160     		str	r1, [r0]
 685 0374 3B99     		ldr	r1, [sp, #236]
 686 0376 7140     		eors	r1, r6
 687 0378 4160     		str	r1, [r0, #4]
 688              	.LVL32:
 689              		.loc 1 61 57 is_stmt 1 view .LVU172
 690              		.loc 1 61 62 is_stmt 0 view .LVU173
 691 037a 4499     		ldr	r1, [sp, #272]
  62:mayo_shake.c  ****         a[20]^=d[0];a[21]^=d[1];a[22]^=d[2];a[23]^=d[3];a[24]^=d[4];
 692              		.loc 1 62 14 view .LVU174
 693 037c 0198     		ldr	r0, [sp, #4]
  61:mayo_shake.c  ****         a[15]^=d[0];a[16]^=d[1];a[17]^=d[2];a[18]^=d[3];a[19]^=d[4];
 694              		.loc 1 61 62 view .LVU175
 695 037e 5140     		eors	r1, r2
 696 0380 2960     		str	r1, [r5]
 697 0382 4599     		ldr	r1, [sp, #276]
 698 0384 5940     		eors	r1, r3
 699 0386 6960     		str	r1, [r5, #4]
 700              		.loc 1 62 9 is_stmt 1 view .LVU176
 701              		.loc 1 62 14 is_stmt 0 view .LVU177
 702 0388 1E99     		ldr	r1, [sp, #120]
 703 038a 4140     		eors	r1, r0
 704 038c 0898     		ldr	r0, [sp, #32]
 705 038e 0160     		str	r1, [r0]
 706 0390 0298     		ldr	r0, [sp, #8]
 707 0392 1F99     		ldr	r1, [sp, #124]
 708 0394 4140     		eors	r1, r0
 709 0396 0898     		ldr	r0, [sp, #32]
 710 0398 4160     		str	r1, [r0, #4]
 711              		.loc 1 62 21 is_stmt 1 view .LVU178
 712              		.loc 1 62 26 is_stmt 0 view .LVU179
 713 039a 0398     		ldr	r0, [sp, #12]
 714 039c 2899     		ldr	r1, [sp, #160]
 715 039e 4140     		eors	r1, r0
 716 03a0 0B98     		ldr	r0, [sp, #44]
 717 03a2 0160     		str	r1, [r0]
 718              	.LVL33:
 719              		.loc 1 62 26 view .LVU180
 720 03a4 0498     		ldr	r0, [sp, #16]
 721 03a6 2999     		ldr	r1, [sp, #164]
 722 03a8 4140     		eors	r1, r0
 723 03aa 0B98     		ldr	r0, [sp, #44]
 724 03ac 4160     		str	r1, [r0, #4]
 725              	.LVL34:
 726              		.loc 1 62 33 is_stmt 1 view .LVU181
 727              		.loc 1 62 38 is_stmt 0 view .LVU182
 728 03ae 3299     		ldr	r1, [sp, #200]
 729 03b0 0598     		ldr	r0, [sp, #20]
 730 03b2 4140     		eors	r1, r0
 731 03b4 0D98     		ldr	r0, [sp, #52]
 732 03b6 0160     		str	r1, [r0]
 733 03b8 0698     		ldr	r0, [sp, #24]
 734 03ba 3399     		ldr	r1, [sp, #204]
 735 03bc 4140     		eors	r1, r0
 736 03be 0D98     		ldr	r0, [sp, #52]
 737 03c0 4160     		str	r1, [r0, #4]
 738              		.loc 1 62 45 is_stmt 1 view .LVU183
 739              		.loc 1 62 50 is_stmt 0 view .LVU184
 740 03c2 3C99     		ldr	r1, [sp, #240]
 741 03c4 6046     		mov	r0, ip
 742 03c6 4F40     		eors	r7, r1
 743              	.LVL35:
 744              		.loc 1 62 50 view .LVU185
 745 03c8 6146     		mov	r1, ip
 746 03ca 0F60     		str	r7, [r1]
 747              	.LVL36:
 748              	.LBB2:
  63:mayo_shake.c  **** 
  64:mayo_shake.c  ****         /* Rho + Pi: B[y][2x+3y mod 5] = ROT(a[x][y], rho[x][y]) */
  65:mayo_shake.c  ****         {
  66:mayo_shake.c  ****             int x, y;
  67:mayo_shake.c  ****             for (y = 0; y < 5; y++)
 749              		.loc 1 67 20 view .LVU186
 750 03cc 0027     		movs	r7, #0
 751              	.LBE2:
  62:mayo_shake.c  ****         a[20]^=d[0];a[21]^=d[1];a[22]^=d[2];a[23]^=d[3];a[24]^=d[4];
 752              		.loc 1 62 50 view .LVU187
 753 03ce 3D99     		ldr	r1, [sp, #244]
 754 03d0 7140     		eors	r1, r6
 755 03d2 4160     		str	r1, [r0, #4]
  62:mayo_shake.c  ****         a[20]^=d[0];a[21]^=d[1];a[22]^=d[2];a[23]^=d[3];a[24]^=d[4];
 756              		.loc 1 62 57 is_stmt 1 view .LVU188
  62:mayo_shake.c  ****         a[20]^=d[0];a[21]^=d[1];a[22]^=d[2];a[23]^=d[3];a[24]^=d[4];
 757              		.loc 1 62 62 is_stmt 0 view .LVU189
 758 03d4 4699     		ldr	r1, [sp, #280]
 759 03d6 4A40     		eors	r2, r1
 760 03d8 0F99     		ldr	r1, [sp, #60]
 761 03da 0A60     		str	r2, [r1]
 762 03dc 479A     		ldr	r2, [sp, #284]
 763 03de 5340     		eors	r3, r2
 764 03e0 4B60     		str	r3, [r1, #4]
 765              	.LBB3:
  66:mayo_shake.c  ****             for (y = 0; y < 5; y++)
 766              		.loc 1 66 13 is_stmt 1 view .LVU190
 767              		.loc 1 67 13 view .LVU191
 768              	.LVL37:
 769              		.loc 1 67 27 discriminator 1 view .LVU192
 770 03e2 024B     		ldr	r3, .L10+4
 771 03e4 0293     		str	r3, [sp, #8]
 772 03e6 03E0     		b	.L11
 773              	.L12:
 774              		.align	2
 775              	.L10:
 776 03e8 20000000 		.word	RC
 777 03ec 00000000 		.word	.LANCHOR0
 778              	.L11:
 779              	.LVL38:
 780              	.L2:
  68:mayo_shake.c  ****                 for (x = 0; x < 5; x++)
 781              		.loc 1 68 31 discriminator 1 view .LVU193
 782 03f0 2823     		movs	r3, #40
 783 03f2 7B43     		muls	r3, r7
 784 03f4 1B19     		adds	r3, r3, r4
 785 03f6 0493     		str	r3, [sp, #16]
 786 03f8 0323     		movs	r3, #3
 787 03fa 2500     		movs	r5, r4
 788 03fc 7B43     		muls	r3, r7
 789 03fe 0193     		str	r3, [sp, #4]
 790 0400 0A33     		adds	r3, r3, #10
 791 0402 0A93     		str	r3, [sp, #40]
 792              	.LBE3:
  44:mayo_shake.c  ****         /* Theta */
 793              		.loc 1 44 12 is_stmt 0 view .LVU194
 794 0404 029B     		ldr	r3, [sp, #8]
 795 0406 0393     		str	r3, [sp, #12]
 796              	.LBB4:
  69:mayo_shake.c  ****                     kf_B[5 * ((2*x + 3*y) % 5) + y] =
 797              		.loc 1 69 53 view .LVU195
 798 0408 514B     		ldr	r3, .L13
 799 040a 0593     		str	r3, [sp, #20]
 800              	.LVL39:
 801              	.L3:
 802              		.loc 1 69 21 is_stmt 1 view .LVU196
 803              		.loc 1 69 43 is_stmt 0 view .LVU197
 804 040c 0198     		ldr	r0, [sp, #4]
 805 040e 0521     		movs	r1, #5
 806 0410 FFF7FEFF 		bl	__aeabi_idivmod
 807              	.LVL40:
 808              		.loc 1 69 53 view .LVU198
 809 0414 0523     		movs	r3, #5
 810 0416 5943     		muls	r1, r3
 811 0418 059B     		ldr	r3, [sp, #20]
 812 041a CE19     		adds	r6, r1, r7
 813 041c F600     		lsls	r6, r6, #3
 814 041e 9E19     		adds	r6, r3, r6
  70:mayo_shake.c  ****                         ROT64(a[5*y + x], RHO[5*y + x]);
 815              		.loc 1 70 25 view .LVU199
 816 0420 039B     		ldr	r3, [sp, #12]
 817 0422 0499     		ldr	r1, [sp, #16]
 818 0424 1B78     		ldrb	r3, [r3]
 819 0426 0693     		str	r3, [sp, #24]
 820 0428 0CC9     		ldmia	r1!, {r2, r3}
 821 042a 0892     		str	r2, [sp, #32]
 822 042c 0993     		str	r3, [sp, #36]
 823 042e 0491     		str	r1, [sp, #16]
 824 0430 069A     		ldr	r2, [sp, #24]
 825 0432 0898     		ldr	r0, [sp, #32]
 826 0434 0999     		ldr	r1, [sp, #36]
 827 0436 FFF7FEFF 		bl	__aeabi_llsl
 828              	.LVL41:
 829 043a 069B     		ldr	r3, [sp, #24]
 830 043c 0B90     		str	r0, [sp, #44]
 831 043e 5A42     		rsbs	r2, r3, #0
 832 0440 3F23     		movs	r3, #63
 833 0442 0C91     		str	r1, [sp, #48]
 834 0444 1A40     		ands	r2, r3
 835 0446 0898     		ldr	r0, [sp, #32]
 836 0448 0999     		ldr	r1, [sp, #36]
 837 044a FFF7FEFF 		bl	__aeabi_llsr
 838              	.LVL42:
 839 044e 0B9B     		ldr	r3, [sp, #44]
 840 0450 0343     		orrs	r3, r0
 841 0452 3360     		str	r3, [r6]
 842 0454 0C9B     		ldr	r3, [sp, #48]
 843 0456 0B43     		orrs	r3, r1
 844 0458 7360     		str	r3, [r6, #4]
  68:mayo_shake.c  ****                     kf_B[5 * ((2*x + 3*y) % 5) + y] =
 845              		.loc 1 68 37 is_stmt 1 discriminator 3 view .LVU200
 846              	.LVL43:
  68:mayo_shake.c  ****                     kf_B[5 * ((2*x + 3*y) % 5) + y] =
 847              		.loc 1 68 31 discriminator 1 view .LVU201
 848 045a 039B     		ldr	r3, [sp, #12]
 849 045c 0133     		adds	r3, r3, #1
 850 045e 0393     		str	r3, [sp, #12]
 851              	.LVL44:
  68:mayo_shake.c  ****                     kf_B[5 * ((2*x + 3*y) % 5) + y] =
 852              		.loc 1 68 31 is_stmt 0 discriminator 1 view .LVU202
 853 0460 019B     		ldr	r3, [sp, #4]
 854              	.LVL45:
  68:mayo_shake.c  ****                     kf_B[5 * ((2*x + 3*y) % 5) + y] =
 855              		.loc 1 68 31 discriminator 1 view .LVU203
 856 0462 0233     		adds	r3, r3, #2
 857 0464 0193     		str	r3, [sp, #4]
 858 0466 019A     		ldr	r2, [sp, #4]
 859 0468 0A9B     		ldr	r3, [sp, #40]
 860 046a 9342     		cmp	r3, r2
 861 046c CED1     		bne	.L3
  67:mayo_shake.c  ****                 for (x = 0; x < 5; x++)
 862              		.loc 1 67 33 is_stmt 1 discriminator 2 view .LVU204
  67:mayo_shake.c  ****                 for (x = 0; x < 5; x++)
 863              		.loc 1 67 27 is_stmt 0 discriminator 1 view .LVU205
 864 046e 029B     		ldr	r3, [sp, #8]
  67:mayo_shake.c  ****                 for (x = 0; x < 5; x++)
 865              		.loc 1 67 33 discriminator 2 view .LVU206
 866 0470 0137     		adds	r7, r7, #1
 867              	.LVL46:
  67:mayo_shake.c  ****                 for (x = 0; x < 5; x++)
 868              		.loc 1 67 27 is_stmt 1 discriminator 1 view .LVU207
 869 0472 0533     		adds	r3, r3, #5
 870 0474 0293     		str	r3, [sp, #8]
 871 0476 052F     		cmp	r7, #5
 872 0478 BAD1     		bne	.L2
 873 047a 2200     		movs	r2, r4
 874 047c 059B     		ldr	r3, [sp, #20]
 875 047e C832     		adds	r2, r2, #200
 876 0480 0892     		str	r2, [sp, #32]
 877              	.LVL47:
 878              	.L5:
  67:mayo_shake.c  ****                 for (x = 0; x < 5; x++)
 879              		.loc 1 67 27 is_stmt 0 discriminator 1 view .LVU208
 880              	.LBE4:
 881              	.LBB5:
  71:mayo_shake.c  ****         }
  72:mayo_shake.c  **** 
  73:mayo_shake.c  ****         /* Chi */
  74:mayo_shake.c  ****         {
  75:mayo_shake.c  ****             int j;
  76:mayo_shake.c  ****             for (j = 0; j < 25; j += 5) {
  77:mayo_shake.c  ****                 a[j+0] = kf_B[j+0] ^ (~kf_B[j+1] & kf_B[j+2]);
 882              		.loc 1 77 17 is_stmt 1 view .LVU209
 883              		.loc 1 77 30 is_stmt 0 view .LVU210
 884 0482 1A68     		ldr	r2, [r3]
 885              		.loc 1 77 56 view .LVU211
 886 0484 5F69     		ldr	r7, [r3, #20]
 887              		.loc 1 77 30 view .LVU212
 888 0486 0192     		str	r2, [sp, #4]
 889 0488 5A68     		ldr	r2, [r3, #4]
 890              		.loc 1 77 44 view .LVU213
 891 048a 9868     		ldr	r0, [r3, #8]
 892              		.loc 1 77 30 view .LVU214
 893 048c 0292     		str	r2, [sp, #8]
 894              		.loc 1 77 44 view .LVU215
 895 048e DA68     		ldr	r2, [r3, #12]
 896 0490 0392     		str	r2, [sp, #12]
 897              		.loc 1 77 56 view .LVU216
 898 0492 1A69     		ldr	r2, [r3, #16]
 899              		.loc 1 77 50 view .LVU217
 900 0494 039E     		ldr	r6, [sp, #12]
 901              		.loc 1 77 56 view .LVU218
 902 0496 9446     		mov	ip, r2
 903              		.loc 1 77 50 view .LVU219
 904 0498 1100     		movs	r1, r2
 905 049a 3A00     		movs	r2, r7
 906 049c B243     		bics	r2, r6
 907              		.loc 1 77 36 view .LVU220
 908 049e 019E     		ldr	r6, [sp, #4]
 909              		.loc 1 77 50 view .LVU221
 910 04a0 8143     		bics	r1, r0
 911              		.loc 1 77 36 view .LVU222
 912 04a2 7140     		eors	r1, r6
 913 04a4 2960     		str	r1, [r5]
 914 04a6 0299     		ldr	r1, [sp, #8]
 915 04a8 4A40     		eors	r2, r1
 916 04aa 6A60     		str	r2, [r5, #4]
  78:mayo_shake.c  ****                 a[j+1] = kf_B[j+1] ^ (~kf_B[j+2] & kf_B[j+3]);
 917              		.loc 1 78 17 is_stmt 1 view .LVU223
 918              		.loc 1 78 56 is_stmt 0 view .LVU224
 919 04ac 9E69     		ldr	r6, [r3, #24]
 920 04ae DA69     		ldr	r2, [r3, #28]
 921              		.loc 1 78 50 view .LVU225
 922 04b0 3100     		movs	r1, r6
 923              		.loc 1 78 56 view .LVU226
 924 04b2 0492     		str	r2, [sp, #16]
 925              		.loc 1 78 50 view .LVU227
 926 04b4 6246     		mov	r2, ip
 927 04b6 9143     		bics	r1, r2
 928              		.loc 1 78 36 view .LVU228
 929 04b8 4140     		eors	r1, r0
 930              		.loc 1 78 50 view .LVU229
 931 04ba 049A     		ldr	r2, [sp, #16]
 932              		.loc 1 78 36 view .LVU230
 933 04bc A960     		str	r1, [r5, #8]
 934 04be 0399     		ldr	r1, [sp, #12]
 935              		.loc 1 78 50 view .LVU231
 936 04c0 BA43     		bics	r2, r7
 937              		.loc 1 78 36 view .LVU232
 938 04c2 4A40     		eors	r2, r1
 939 04c4 EA60     		str	r2, [r5, #12]
  79:mayo_shake.c  ****                 a[j+2] = kf_B[j+2] ^ (~kf_B[j+3] & kf_B[j+4]);
 940              		.loc 1 79 17 is_stmt 1 view .LVU233
 941              		.loc 1 79 56 is_stmt 0 view .LVU234
 942 04c6 1A6A     		ldr	r2, [r3, #32]
 943              		.loc 1 79 50 view .LVU235
 944 04c8 0499     		ldr	r1, [sp, #16]
 945              		.loc 1 79 56 view .LVU236
 946 04ca 0592     		str	r2, [sp, #20]
 947 04cc 5A6A     		ldr	r2, [r3, #36]
  76:mayo_shake.c  ****                 a[j+0] = kf_B[j+0] ^ (~kf_B[j+1] & kf_B[j+2]);
 948              		.loc 1 76 27 discriminator 1 view .LVU237
 949 04ce 2833     		adds	r3, r3, #40
 950              		.loc 1 79 56 view .LVU238
 951 04d0 0692     		str	r2, [sp, #24]
 952              		.loc 1 79 50 view .LVU239
 953 04d2 059A     		ldr	r2, [sp, #20]
 954 04d4 B243     		bics	r2, r6
 955 04d6 0A92     		str	r2, [sp, #40]
 956 04d8 069A     		ldr	r2, [sp, #24]
 957 04da 8A43     		bics	r2, r1
 958 04dc 0B92     		str	r2, [sp, #44]
 959              		.loc 1 79 36 view .LVU240
 960 04de 6246     		mov	r2, ip
 961 04e0 0A99     		ldr	r1, [sp, #40]
 962 04e2 4A40     		eors	r2, r1
 963 04e4 2A61     		str	r2, [r5, #16]
 964 04e6 0B9A     		ldr	r2, [sp, #44]
  80:mayo_shake.c  ****                 a[j+3] = kf_B[j+3] ^ (~kf_B[j+4] & kf_B[j+0]);
 965              		.loc 1 80 50 view .LVU241
 966 04e8 0599     		ldr	r1, [sp, #20]
  79:mayo_shake.c  ****                 a[j+2] = kf_B[j+2] ^ (~kf_B[j+3] & kf_B[j+4]);
 967              		.loc 1 79 36 view .LVU242
 968 04ea 5740     		eors	r7, r2
 969              		.loc 1 80 50 view .LVU243
 970 04ec 019A     		ldr	r2, [sp, #4]
  79:mayo_shake.c  ****                 a[j+2] = kf_B[j+2] ^ (~kf_B[j+3] & kf_B[j+4]);
 971              		.loc 1 79 36 view .LVU244
 972 04ee 6F61     		str	r7, [r5, #20]
 973              		.loc 1 80 17 is_stmt 1 view .LVU245
 974              		.loc 1 80 50 is_stmt 0 view .LVU246
 975 04f0 8A43     		bics	r2, r1
 976 04f2 9446     		mov	ip, r2
 977 04f4 029F     		ldr	r7, [sp, #8]
 978 04f6 069A     		ldr	r2, [sp, #24]
 979 04f8 9743     		bics	r7, r2
 980              		.loc 1 80 36 view .LVU247
 981 04fa 6246     		mov	r2, ip
 982 04fc 5640     		eors	r6, r2
 983 04fe 049A     		ldr	r2, [sp, #16]
 984 0500 AE61     		str	r6, [r5, #24]
 985 0502 5740     		eors	r7, r2
  81:mayo_shake.c  ****                 a[j+4] = kf_B[j+4] ^ (~kf_B[j+0] & kf_B[j+1]);
 986              		.loc 1 81 50 view .LVU248
 987 0504 019A     		ldr	r2, [sp, #4]
 988 0506 039E     		ldr	r6, [sp, #12]
 989 0508 9043     		bics	r0, r2
 990 050a 029A     		ldr	r2, [sp, #8]
 991              		.loc 1 81 36 view .LVU249
 992 050c 4840     		eors	r0, r1
 993              		.loc 1 81 50 view .LVU250
 994 050e 9643     		bics	r6, r2
 995              		.loc 1 81 36 view .LVU251
 996 0510 069A     		ldr	r2, [sp, #24]
  80:mayo_shake.c  ****                 a[j+3] = kf_B[j+3] ^ (~kf_B[j+4] & kf_B[j+0]);
 997              		.loc 1 80 36 view .LVU252
 998 0512 EF61     		str	r7, [r5, #28]
 999              		.loc 1 81 17 is_stmt 1 view .LVU253
 1000              		.loc 1 81 36 is_stmt 0 view .LVU254
 1001 0514 5640     		eors	r6, r2
  76:mayo_shake.c  ****                 a[j+0] = kf_B[j+0] ^ (~kf_B[j+1] & kf_B[j+2]);
 1002              		.loc 1 76 27 discriminator 1 view .LVU255
 1003 0516 089A     		ldr	r2, [sp, #32]
 1004              		.loc 1 81 36 view .LVU256
 1005 0518 2862     		str	r0, [r5, #32]
 1006 051a 6E62     		str	r6, [r5, #36]
  76:mayo_shake.c  ****                 a[j+0] = kf_B[j+0] ^ (~kf_B[j+1] & kf_B[j+2]);
 1007              		.loc 1 76 35 is_stmt 1 discriminator 3 view .LVU257
  76:mayo_shake.c  ****                 a[j+0] = kf_B[j+0] ^ (~kf_B[j+1] & kf_B[j+2]);
 1008              		.loc 1 76 27 discriminator 1 view .LVU258
 1009 051c 2835     		adds	r5, r5, #40
 1010 051e AA42     		cmp	r2, r5
 1011 0520 AFD1     		bne	.L5
 1012              	.LBE5:
  82:mayo_shake.c  ****             }
  83:mayo_shake.c  ****         }
  84:mayo_shake.c  **** 
  85:mayo_shake.c  ****         /* Iota */
  86:mayo_shake.c  ****         a[0] ^= RC[i];
 1013              		.loc 1 86 9 view .LVU259
 1014              		.loc 1 86 14 is_stmt 0 view .LVU260
 1015 0522 079B     		ldr	r3, [sp, #28]
 1016 0524 2268     		ldr	r2, [r4]
 1017 0526 1B68     		ldr	r3, [r3]
 1018 0528 0799     		ldr	r1, [sp, #28]
 1019 052a 5A40     		eors	r2, r3
 1020 052c 4968     		ldr	r1, [r1, #4]
 1021 052e 6368     		ldr	r3, [r4, #4]
 1022 0530 2260     		str	r2, [r4]
 1023 0532 4B40     		eors	r3, r1
 1024 0534 6360     		str	r3, [r4, #4]
  44:mayo_shake.c  ****         /* Theta */
 1025              		.loc 1 44 26 is_stmt 1 discriminator 2 view .LVU261
 1026 0536 109B     		ldr	r3, [sp, #64]
 1027 0538 0133     		adds	r3, r3, #1
 1028 053a 1093     		str	r3, [sp, #64]
 1029              	.LVL48:
  44:mayo_shake.c  ****         /* Theta */
 1030              		.loc 1 44 19 discriminator 1 view .LVU262
 1031 053c 079B     		ldr	r3, [sp, #28]
 1032              	.LVL49:
  44:mayo_shake.c  ****         /* Theta */
 1033              		.loc 1 44 19 is_stmt 0 discriminator 1 view .LVU263
 1034 053e 0833     		adds	r3, r3, #8
 1035 0540 0793     		str	r3, [sp, #28]
 1036 0542 109B     		ldr	r3, [sp, #64]
 1037 0544 182B     		cmp	r3, #24
 1038 0546 00D0     		beq	.LCB844
 1039 0548 61E5     		b	.L6	@long jump
 1040              	.LCB844:
  87:mayo_shake.c  ****     }
  88:mayo_shake.c  **** }
 1041              		.loc 1 88 1 view .LVU264
 1042 054a 49B0     		add	sp, sp, #292
 1043              		@ sp needed
 1044              	.LVL50:
 1045              		.loc 1 88 1 view .LVU265
 1046 054c F0BD     		pop	{r4, r5, r6, r7, pc}
 1047              	.L14:
 1048 054e C046     		.align	2
 1049              	.L13:
 1050 0550 D0000000 		.word	kf_B
 1051              		.cfi_endproc
 1052              	.LFE0:
 1054              		.section	.text.shake256_init,"ax",%progbits
 1055              		.align	1
 1056              		.global	shake256_init
 1057              		.syntax unified
 1058              		.code	16
 1059              		.thumb_func
 1061              	shake256_init:
 1062              	.LVL51:
 1063              	.LFB1:
  89:mayo_shake.c  **** 
  90:mayo_shake.c  **** /* ------------------------------------------------------------------ */
  91:mayo_shake.c  **** /*  SHAKE256 API                                                        */
  92:mayo_shake.c  **** /* ------------------------------------------------------------------ */
  93:mayo_shake.c  **** 
  94:mayo_shake.c  **** shake256_ctx g_shake;
  95:mayo_shake.c  **** 
  96:mayo_shake.c  **** void shake256_init(shake256_ctx *ctx)
  97:mayo_shake.c  **** {
 1064              		.loc 1 97 1 is_stmt 1 view -0
 1065              		.cfi_startproc
 1066              		@ args = 0, pretend = 0, frame = 0
 1067              		@ frame_needed = 0, uses_anonymous_args = 0
  98:mayo_shake.c  ****     memset(ctx, 0, sizeof(*ctx));
 1068              		.loc 1 98 5 view .LVU267
  97:mayo_shake.c  ****     memset(ctx, 0, sizeof(*ctx));
 1069              		.loc 1 97 1 is_stmt 0 view .LVU268
 1070 0000 10B5     		push	{r4, lr}
 1071              	.LCFI2:
 1072              		.cfi_def_cfa_offset 8
 1073              		.cfi_offset 4, -8
 1074              		.cfi_offset 14, -4
 1075              		.loc 1 98 5 view .LVU269
 1076 0002 D022     		movs	r2, #208
  99:mayo_shake.c  **** }
 1077              		.loc 1 99 1 view .LVU270
 1078              		@ sp needed
  98:mayo_shake.c  ****     memset(ctx, 0, sizeof(*ctx));
 1079              		.loc 1 98 5 view .LVU271
 1080 0004 0021     		movs	r1, #0
 1081 0006 FFF7FEFF 		bl	memset
 1082              	.LVL52:
 1083              		.loc 1 99 1 view .LVU272
 1084 000a 10BD     		pop	{r4, pc}
 1085              		.cfi_endproc
 1086              	.LFE1:
 1088              		.section	.text.shake256_absorb,"ax",%progbits
 1089              		.align	1
 1090              		.global	shake256_absorb
 1091              		.syntax unified
 1092              		.code	16
 1093              		.thumb_func
 1095              	shake256_absorb:
 1096              	.LVL53:
 1097              	.LFB2:
 100:mayo_shake.c  **** 
 101:mayo_shake.c  **** void shake256_absorb(shake256_ctx *ctx, const uint8_t *in, size_t len)
 102:mayo_shake.c  **** {
 1098              		.loc 1 102 1 is_stmt 1 view -0
 1099              		.cfi_startproc
 1100              		@ args = 0, pretend = 0, frame = 0
 1101              		@ frame_needed = 0, uses_anonymous_args = 0
 1102              		.loc 1 102 1 is_stmt 0 view .LVU274
 1103 0000 F8B5     		push	{r3, r4, r5, r6, r7, lr}
 1104              	.LCFI3:
 1105              		.cfi_def_cfa_offset 24
 1106              		.cfi_offset 3, -24
 1107              		.cfi_offset 4, -20
 1108              		.cfi_offset 5, -16
 1109              		.cfi_offset 6, -12
 1110              		.cfi_offset 7, -8
 1111              		.cfi_offset 14, -4
 1112              		.loc 1 102 1 view .LVU275
 1113 0002 0500     		movs	r5, r0
 103:mayo_shake.c  ****     uint8_t *st = (uint8_t *)ctx->state;
 1114              		.loc 1 103 5 is_stmt 1 view .LVU276
 1115              	.LVL54:
 104:mayo_shake.c  ****     size_t i;
 1116              		.loc 1 104 5 view .LVU277
 105:mayo_shake.c  ****     for (i = 0; i < len; i++) {
 1117              		.loc 1 105 5 view .LVU278
 1118              		.loc 1 105 5 is_stmt 0 view .LVU279
 1119 0004 0C00     		movs	r4, r1
 1120 0006 8F18     		adds	r7, r1, r2
 1121              	.LVL55:
 1122              	.L17:
 1123              		.loc 1 105 19 is_stmt 1 discriminator 1 view .LVU280
 1124 0008 BC42     		cmp	r4, r7
 1125 000a 00D1     		bne	.L19
 106:mayo_shake.c  ****         st[ctx->buf_pos++] ^= in[i];
 107:mayo_shake.c  ****         if (ctx->buf_pos == SHAKE256_RATE) {
 108:mayo_shake.c  ****             keccak_f1600(ctx->state);
 109:mayo_shake.c  ****             ctx->buf_pos = 0;
 110:mayo_shake.c  ****         }
 111:mayo_shake.c  ****     }
 112:mayo_shake.c  **** }
 1126              		.loc 1 112 1 is_stmt 0 view .LVU281
 1127              		@ sp needed
 1128              	.LVL56:
 1129              	.LVL57:
 1130              		.loc 1 112 1 view .LVU282
 1131 000c F8BD     		pop	{r3, r4, r5, r6, r7, pc}
 1132              	.LVL58:
 1133              	.L19:
 106:mayo_shake.c  ****         st[ctx->buf_pos++] ^= in[i];
 1134              		.loc 1 106 9 is_stmt 1 view .LVU283
 106:mayo_shake.c  ****         st[ctx->buf_pos++] ^= in[i];
 1135              		.loc 1 106 15 is_stmt 0 view .LVU284
 1136 000e 2E00     		movs	r6, r5
 1137 0010 C836     		adds	r6, r6, #200
 1138 0012 3378     		ldrb	r3, [r6]
 106:mayo_shake.c  ****         st[ctx->buf_pos++] ^= in[i];
 1139              		.loc 1 106 24 view .LVU285
 1140 0014 5A1C     		adds	r2, r3, #1
 1141 0016 3270     		strb	r2, [r6]
 106:mayo_shake.c  ****         st[ctx->buf_pos++] ^= in[i];
 1142              		.loc 1 106 28 view .LVU286
 1143 0018 EA5C     		ldrb	r2, [r5, r3]
 1144 001a 2178     		ldrb	r1, [r4]
 1145 001c 4A40     		eors	r2, r1
 1146 001e EA54     		strb	r2, [r5, r3]
 107:mayo_shake.c  ****             keccak_f1600(ctx->state);
 1147              		.loc 1 107 9 is_stmt 1 view .LVU287
 107:mayo_shake.c  ****             keccak_f1600(ctx->state);
 1148              		.loc 1 107 12 is_stmt 0 view .LVU288
 1149 0020 3378     		ldrb	r3, [r6]
 1150 0022 882B     		cmp	r3, #136
 1151 0024 04D1     		bne	.L18
 108:mayo_shake.c  ****             ctx->buf_pos = 0;
 1152              		.loc 1 108 13 is_stmt 1 view .LVU289
 1153 0026 2800     		movs	r0, r5
 1154 0028 FFF7FEFF 		bl	keccak_f1600
 1155              	.LVL59:
 109:mayo_shake.c  ****         }
 1156              		.loc 1 109 13 view .LVU290
 109:mayo_shake.c  ****         }
 1157              		.loc 1 109 26 is_stmt 0 view .LVU291
 1158 002c 0023     		movs	r3, #0
 1159 002e 3370     		strb	r3, [r6]
 1160              	.L18:
 105:mayo_shake.c  ****         st[ctx->buf_pos++] ^= in[i];
 1161              		.loc 1 105 27 is_stmt 1 discriminator 2 view .LVU292
 1162              	.LVL60:
 105:mayo_shake.c  ****         st[ctx->buf_pos++] ^= in[i];
 1163              		.loc 1 105 27 is_stmt 0 discriminator 2 view .LVU293
 1164 0030 0134     		adds	r4, r4, #1
 1165              	.LVL61:
 105:mayo_shake.c  ****         st[ctx->buf_pos++] ^= in[i];
 1166              		.loc 1 105 27 discriminator 2 view .LVU294
 1167 0032 E9E7     		b	.L17
 1168              		.cfi_endproc
 1169              	.LFE2:
 1171              		.section	.text.shake256_finalize,"ax",%progbits
 1172              		.align	1
 1173              		.global	shake256_finalize
 1174              		.syntax unified
 1175              		.code	16
 1176              		.thumb_func
 1178              	shake256_finalize:
 1179              	.LVL62:
 1180              	.LFB3:
 113:mayo_shake.c  **** 
 114:mayo_shake.c  **** void shake256_finalize(shake256_ctx *ctx)
 115:mayo_shake.c  **** {
 1181              		.loc 1 115 1 is_stmt 1 view -0
 1182              		.cfi_startproc
 1183              		@ args = 0, pretend = 0, frame = 0
 1184              		@ frame_needed = 0, uses_anonymous_args = 0
 116:mayo_shake.c  ****     uint8_t *st = (uint8_t *)ctx->state;
 1185              		.loc 1 116 5 view .LVU296
 117:mayo_shake.c  ****     st[ctx->buf_pos]          ^= 0x1F; /* SHAKE256 domain suffix */
 1186              		.loc 1 117 5 view .LVU297
 115:mayo_shake.c  ****     uint8_t *st = (uint8_t *)ctx->state;
 1187              		.loc 1 115 1 is_stmt 0 view .LVU298
 1188 0000 10B5     		push	{r4, lr}
 1189              	.LCFI4:
 1190              		.cfi_def_cfa_offset 8
 1191              		.cfi_offset 4, -8
 1192              		.cfi_offset 14, -4
 1193              		.loc 1 117 11 view .LVU299
 1194 0002 0400     		movs	r4, r0
 118:mayo_shake.c  ****     st[SHAKE256_RATE - 1]     ^= 0x80;
 119:mayo_shake.c  ****     keccak_f1600(ctx->state);
 120:mayo_shake.c  ****     ctx->buf_pos   = 0;
 121:mayo_shake.c  ****     ctx->squeezing = 1;
 122:mayo_shake.c  **** }
 1195              		.loc 1 122 1 view .LVU300
 1196              		@ sp needed
 117:mayo_shake.c  ****     st[SHAKE256_RATE - 1]     ^= 0x80;
 1197              		.loc 1 117 31 view .LVU301
 1198 0004 1F23     		movs	r3, #31
 117:mayo_shake.c  ****     st[SHAKE256_RATE - 1]     ^= 0x80;
 1199              		.loc 1 117 11 view .LVU302
 1200 0006 C834     		adds	r4, r4, #200
 117:mayo_shake.c  ****     st[SHAKE256_RATE - 1]     ^= 0x80;
 1201              		.loc 1 117 7 view .LVU303
 1202 0008 2278     		ldrb	r2, [r4]
 117:mayo_shake.c  ****     st[SHAKE256_RATE - 1]     ^= 0x80;
 1203              		.loc 1 117 31 view .LVU304
 1204 000a 815C     		ldrb	r1, [r0, r2]
 1205 000c 4B40     		eors	r3, r1
 1206 000e 8354     		strb	r3, [r0, r2]
 118:mayo_shake.c  ****     st[SHAKE256_RATE - 1]     ^= 0x80;
 1207              		.loc 1 118 5 is_stmt 1 view .LVU305
 118:mayo_shake.c  ****     st[SHAKE256_RATE - 1]     ^= 0x80;
 1208              		.loc 1 118 31 is_stmt 0 view .LVU306
 1209 0010 0200     		movs	r2, r0
 1210 0012 8023     		movs	r3, #128
 1211 0014 8732     		adds	r2, r2, #135
 1212 0016 1178     		ldrb	r1, [r2]
 1213 0018 5B42     		rsbs	r3, r3, #0
 1214 001a 4B40     		eors	r3, r1
 1215 001c 1370     		strb	r3, [r2]
 119:mayo_shake.c  ****     ctx->buf_pos   = 0;
 1216              		.loc 1 119 5 is_stmt 1 view .LVU307
 1217 001e FFF7FEFF 		bl	keccak_f1600
 1218              	.LVL63:
 120:mayo_shake.c  ****     ctx->squeezing = 1;
 1219              		.loc 1 120 5 view .LVU308
 121:mayo_shake.c  **** }
 1220              		.loc 1 121 5 view .LVU309
 120:mayo_shake.c  ****     ctx->squeezing = 1;
 1221              		.loc 1 120 20 is_stmt 0 view .LVU310
 1222 0022 8023     		movs	r3, #128
 1223 0024 5B00     		lsls	r3, r3, #1
 1224 0026 2380     		strh	r3, [r4]
 1225              	.LVL64:
 1226              		.loc 1 122 1 view .LVU311
 1227 0028 10BD     		pop	{r4, pc}
 1228              		.cfi_endproc
 1229              	.LFE3:
 1231              		.section	.text.shake256_squeeze,"ax",%progbits
 1232              		.align	1
 1233              		.global	shake256_squeeze
 1234              		.syntax unified
 1235              		.code	16
 1236              		.thumb_func
 1238              	shake256_squeeze:
 1239              	.LVL65:
 1240              	.LFB4:
 123:mayo_shake.c  **** 
 124:mayo_shake.c  **** void shake256_squeeze(shake256_ctx *ctx, uint8_t *out, size_t len)
 125:mayo_shake.c  **** {
 1241              		.loc 1 125 1 is_stmt 1 view -0
 1242              		.cfi_startproc
 1243              		@ args = 0, pretend = 0, frame = 0
 1244              		@ frame_needed = 0, uses_anonymous_args = 0
 1245              		.loc 1 125 1 is_stmt 0 view .LVU313
 1246 0000 F8B5     		push	{r3, r4, r5, r6, r7, lr}
 1247              	.LCFI5:
 1248              		.cfi_def_cfa_offset 24
 1249              		.cfi_offset 3, -24
 1250              		.cfi_offset 4, -20
 1251              		.cfi_offset 5, -16
 1252              		.cfi_offset 6, -12
 1253              		.cfi_offset 7, -8
 1254              		.cfi_offset 14, -4
 1255              		.loc 1 125 1 view .LVU314
 1256 0002 0500     		movs	r5, r0
 126:mayo_shake.c  ****     uint8_t *st = (uint8_t *)ctx->state;
 1257              		.loc 1 126 5 is_stmt 1 view .LVU315
 1258              	.LVL66:
 127:mayo_shake.c  ****     size_t i;
 1259              		.loc 1 127 5 view .LVU316
 128:mayo_shake.c  ****     for (i = 0; i < len; i++) {
 1260              		.loc 1 128 5 view .LVU317
 1261              		.loc 1 128 5 is_stmt 0 view .LVU318
 1262 0004 0C00     		movs	r4, r1
 1263 0006 8E18     		adds	r6, r1, r2
 1264              	.LVL67:
 1265              	.L22:
 1266              		.loc 1 128 19 is_stmt 1 discriminator 1 view .LVU319
 1267 0008 B442     		cmp	r4, r6
 1268 000a 00D1     		bne	.L24
 129:mayo_shake.c  ****         if (ctx->buf_pos == SHAKE256_RATE) {
 130:mayo_shake.c  ****             keccak_f1600(ctx->state);
 131:mayo_shake.c  ****             ctx->buf_pos = 0;
 132:mayo_shake.c  ****         }
 133:mayo_shake.c  ****         out[i] = st[ctx->buf_pos++];
 134:mayo_shake.c  ****     }
 135:mayo_shake.c  **** }
 1269              		.loc 1 135 1 is_stmt 0 view .LVU320
 1270              		@ sp needed
 1271              	.LVL68:
 1272              	.LVL69:
 1273              		.loc 1 135 1 view .LVU321
 1274 000c F8BD     		pop	{r3, r4, r5, r6, r7, pc}
 1275              	.LVL70:
 1276              	.L24:
 129:mayo_shake.c  ****         if (ctx->buf_pos == SHAKE256_RATE) {
 1277              		.loc 1 129 9 is_stmt 1 view .LVU322
 129:mayo_shake.c  ****         if (ctx->buf_pos == SHAKE256_RATE) {
 1278              		.loc 1 129 16 is_stmt 0 view .LVU323
 1279 000e 2F00     		movs	r7, r5
 1280 0010 C837     		adds	r7, r7, #200
 1281 0012 3B78     		ldrb	r3, [r7]
 129:mayo_shake.c  ****         if (ctx->buf_pos == SHAKE256_RATE) {
 1282              		.loc 1 129 12 view .LVU324
 1283 0014 882B     		cmp	r3, #136
 1284 0016 03D1     		bne	.L23
 130:mayo_shake.c  ****             ctx->buf_pos = 0;
 1285              		.loc 1 130 13 is_stmt 1 view .LVU325
 1286 0018 2800     		movs	r0, r5
 1287 001a FFF7FEFF 		bl	keccak_f1600
 1288              	.LVL71:
 131:mayo_shake.c  ****         }
 1289              		.loc 1 131 13 view .LVU326
 130:mayo_shake.c  ****             ctx->buf_pos = 0;
 1290              		.loc 1 130 13 is_stmt 0 view .LVU327
 1291 001e 0023     		movs	r3, #0
 1292              	.L23:
 133:mayo_shake.c  ****     }
 1293              		.loc 1 133 9 is_stmt 1 view .LVU328
 133:mayo_shake.c  ****     }
 1294              		.loc 1 133 33 is_stmt 0 view .LVU329
 1295 0020 5A1C     		adds	r2, r3, #1
 1296 0022 3A70     		strb	r2, [r7]
 133:mayo_shake.c  ****     }
 1297              		.loc 1 133 20 view .LVU330
 1298 0024 EB5C     		ldrb	r3, [r5, r3]
 133:mayo_shake.c  ****     }
 1299              		.loc 1 133 16 view .LVU331
 1300 0026 2370     		strb	r3, [r4]
 128:mayo_shake.c  ****         if (ctx->buf_pos == SHAKE256_RATE) {
 1301              		.loc 1 128 27 is_stmt 1 discriminator 2 view .LVU332
 1302              	.LVL72:
 128:mayo_shake.c  ****         if (ctx->buf_pos == SHAKE256_RATE) {
 1303              		.loc 1 128 27 is_stmt 0 discriminator 2 view .LVU333
 1304 0028 0134     		adds	r4, r4, #1
 1305              	.LVL73:
 128:mayo_shake.c  ****         if (ctx->buf_pos == SHAKE256_RATE) {
 1306              		.loc 1 128 27 discriminator 2 view .LVU334
 1307 002a EDE7     		b	.L22
 1308              		.cfi_endproc
 1309              	.LFE4:
 1311              		.section	.text.shake256_multi,"ax",%progbits
 1312              		.align	1
 1313              		.global	shake256_multi
 1314              		.syntax unified
 1315              		.code	16
 1316              		.thumb_func
 1318              	shake256_multi:
 1319              	.LVL74:
 1320              	.LFB5:
 136:mayo_shake.c  **** 
 137:mayo_shake.c  **** void shake256_multi(
 138:mayo_shake.c  ****     const uint8_t *a, size_t alen,
 139:mayo_shake.c  ****     const uint8_t *b, size_t blen,
 140:mayo_shake.c  ****     const uint8_t *c, size_t clen,
 141:mayo_shake.c  ****     const uint8_t *d, size_t dlen,
 142:mayo_shake.c  ****     uint8_t *out, size_t outlen)
 143:mayo_shake.c  **** {
 1321              		.loc 1 143 1 is_stmt 1 view -0
 1322              		.cfi_startproc
 1323              		@ args = 24, pretend = 0, frame = 8
 1324              		@ frame_needed = 0, uses_anonymous_args = 0
 144:mayo_shake.c  ****     shake256_init(&g_shake);
 1325              		.loc 1 144 5 view .LVU336
 143:mayo_shake.c  ****     shake256_init(&g_shake);
 1326              		.loc 1 143 1 is_stmt 0 view .LVU337
 1327 0000 F7B5     		push	{r0, r1, r2, r4, r5, r6, r7, lr}
 1328              	.LCFI6:
 1329              		.cfi_def_cfa_offset 32
 1330              		.cfi_offset 0, -32
 1331              		.cfi_offset 1, -28
 1332              		.cfi_offset 2, -24
 1333              		.cfi_offset 4, -20
 1334              		.cfi_offset 5, -16
 1335              		.cfi_offset 6, -12
 1336              		.cfi_offset 7, -8
 1337              		.cfi_offset 14, -4
 1338              		.loc 1 144 5 view .LVU338
 1339 0002 1D4C     		ldr	r4, .L54
 143:mayo_shake.c  ****     shake256_init(&g_shake);
 1340              		.loc 1 143 1 view .LVU339
 1341 0004 0600     		movs	r6, r0
 1342              		.loc 1 144 5 view .LVU340
 1343 0006 2000     		movs	r0, r4
 1344              	.LVL75:
 143:mayo_shake.c  ****     shake256_init(&g_shake);
 1345              		.loc 1 143 1 view .LVU341
 1346 0008 0F00     		movs	r7, r1
 1347 000a 1D00     		movs	r5, r3
 1348 000c 0192     		str	r2, [sp, #4]
 1349              		.loc 1 144 5 view .LVU342
 1350 000e FFF7FEFF 		bl	shake256_init
 1351              	.LVL76:
 145:mayo_shake.c  ****     if (a && alen) shake256_absorb(&g_shake, a, alen);
 1352              		.loc 1 145 5 is_stmt 1 view .LVU343
 1353              		.loc 1 145 8 is_stmt 0 view .LVU344
 1354 0012 002E     		cmp	r6, #0
 1355 0014 06D0     		beq	.L26
 1356              		.loc 1 145 11 discriminator 1 view .LVU345
 1357 0016 002F     		cmp	r7, #0
 1358 0018 04D0     		beq	.L26
 1359              		.loc 1 145 20 is_stmt 1 discriminator 2 view .LVU346
 1360 001a 3A00     		movs	r2, r7
 1361 001c 3100     		movs	r1, r6
 1362 001e 2000     		movs	r0, r4
 1363 0020 FFF7FEFF 		bl	shake256_absorb
 1364              	.LVL77:
 1365              	.L26:
 146:mayo_shake.c  ****     if (b && blen) shake256_absorb(&g_shake, b, blen);
 1366              		.loc 1 146 5 view .LVU347
 1367              		.loc 1 146 8 is_stmt 0 view .LVU348
 1368 0024 019B     		ldr	r3, [sp, #4]
 1369 0026 002B     		cmp	r3, #0
 1370 0028 06D0     		beq	.L27
 1371              		.loc 1 146 11 discriminator 1 view .LVU349
 1372 002a 002D     		cmp	r5, #0
 1373 002c 04D0     		beq	.L27
 1374              		.loc 1 146 20 is_stmt 1 discriminator 2 view .LVU350
 1375 002e 2A00     		movs	r2, r5
 1376 0030 1900     		movs	r1, r3
 1377 0032 2000     		movs	r0, r4
 1378 0034 FFF7FEFF 		bl	shake256_absorb
 1379              	.LVL78:
 1380              	.L27:
 147:mayo_shake.c  ****     if (c && clen) shake256_absorb(&g_shake, c, clen);
 1381              		.loc 1 147 5 view .LVU351
 1382              		.loc 1 147 8 is_stmt 0 view .LVU352
 1383 0038 089B     		ldr	r3, [sp, #32]
 1384 003a 002B     		cmp	r3, #0
 1385 003c 07D0     		beq	.L28
 1386              		.loc 1 147 11 discriminator 1 view .LVU353
 1387 003e 099B     		ldr	r3, [sp, #36]
 1388 0040 002B     		cmp	r3, #0
 1389 0042 04D0     		beq	.L28
 1390              		.loc 1 147 20 is_stmt 1 discriminator 2 view .LVU354
 1391 0044 1A00     		movs	r2, r3
 1392 0046 2000     		movs	r0, r4
 1393 0048 0899     		ldr	r1, [sp, #32]
 1394 004a FFF7FEFF 		bl	shake256_absorb
 1395              	.LVL79:
 1396              	.L28:
 148:mayo_shake.c  ****     if (d && dlen) shake256_absorb(&g_shake, d, dlen);
 1397              		.loc 1 148 5 view .LVU355
 1398              		.loc 1 148 8 is_stmt 0 view .LVU356
 1399 004e 0A9B     		ldr	r3, [sp, #40]
 1400 0050 002B     		cmp	r3, #0
 1401 0052 07D0     		beq	.L29
 1402              		.loc 1 148 11 discriminator 1 view .LVU357
 1403 0054 0B9B     		ldr	r3, [sp, #44]
 1404 0056 002B     		cmp	r3, #0
 1405 0058 04D0     		beq	.L29
 1406              		.loc 1 148 20 is_stmt 1 discriminator 2 view .LVU358
 1407 005a 1A00     		movs	r2, r3
 1408 005c 2000     		movs	r0, r4
 1409 005e 0A99     		ldr	r1, [sp, #40]
 1410 0060 FFF7FEFF 		bl	shake256_absorb
 1411              	.LVL80:
 1412              	.L29:
 149:mayo_shake.c  ****     shake256_finalize(&g_shake);
 1413              		.loc 1 149 5 view .LVU359
 150:mayo_shake.c  ****     shake256_squeeze(&g_shake, out, outlen);
 151:mayo_shake.c  **** }
 1414              		.loc 1 151 1 is_stmt 0 view .LVU360
 1415              		@ sp needed
 149:mayo_shake.c  ****     shake256_finalize(&g_shake);
 1416              		.loc 1 149 5 view .LVU361
 1417 0064 2000     		movs	r0, r4
 1418 0066 FFF7FEFF 		bl	shake256_finalize
 1419              	.LVL81:
 150:mayo_shake.c  ****     shake256_squeeze(&g_shake, out, outlen);
 1420              		.loc 1 150 5 is_stmt 1 view .LVU362
 1421 006a 2000     		movs	r0, r4
 1422 006c 0D9A     		ldr	r2, [sp, #52]
 1423 006e 0C99     		ldr	r1, [sp, #48]
 1424 0070 FFF7FEFF 		bl	shake256_squeeze
 1425              	.LVL82:
 1426              	.LVL83:
 1427              	.LVL84:
 1428              	.LVL85:
 1429              		.loc 1 151 1 is_stmt 0 view .LVU363
 1430 0074 F7BD     		pop	{r0, r1, r2, r4, r5, r6, r7, pc}
 1431              	.L55:
 1432 0076 C046     		.align	2
 1433              	.L54:
 1434 0078 00000000 		.word	g_shake
 1435              		.cfi_endproc
 1436              	.LFE5:
 1438              		.global	g_shake
 1439              		.section	.rodata
 1440              		.align	3
 1441              		.set	.LANCHOR0,. + 0
 1444              	RHO:
 1445 0000 00013E1C 		.ascii	"\000\001>\034\033$,\0067\024\003\012+\031')-\017\025"
 1445      1B242C06 
 1445      3714030A 
 1445      2B192729 
 1445      2D0F15
 1446 0013 0812023D 		.ascii	"\010\022\002=8\016"
 1446      380E
 1447 0019 00000000 		.space	7
 1447      000000
 1450              	RC:
 1451 0020 01000000 		.word	1
 1452 0024 00000000 		.word	0
 1453 0028 82800000 		.word	32898
 1454 002c 00000000 		.word	0
 1455 0030 8A800000 		.word	32906
 1456 0034 00000080 		.word	-2147483648
 1457 0038 00800080 		.word	-2147450880
 1458 003c 00000080 		.word	-2147483648
 1459 0040 8B800000 		.word	32907
 1460 0044 00000000 		.word	0
 1461 0048 01000080 		.word	-2147483647
 1462 004c 00000000 		.word	0
 1463 0050 81800080 		.word	-2147450751
 1464 0054 00000080 		.word	-2147483648
 1465 0058 09800000 		.word	32777
 1466 005c 00000080 		.word	-2147483648
 1467 0060 8A000000 		.word	138
 1468 0064 00000000 		.word	0
 1469 0068 88000000 		.word	136
 1470 006c 00000000 		.word	0
 1471 0070 09800080 		.word	-2147450871
 1472 0074 00000000 		.word	0
 1473 0078 0A000080 		.word	-2147483638
 1474 007c 00000000 		.word	0
 1475 0080 8B800080 		.word	-2147450741
 1476 0084 00000000 		.word	0
 1477 0088 8B000000 		.word	139
 1478 008c 00000080 		.word	-2147483648
 1479 0090 89800000 		.word	32905
 1480 0094 00000080 		.word	-2147483648
 1481 0098 03800000 		.word	32771
 1482 009c 00000080 		.word	-2147483648
 1483 00a0 02800000 		.word	32770
 1484 00a4 00000080 		.word	-2147483648
 1485 00a8 80000000 		.word	128
 1486 00ac 00000080 		.word	-2147483648
 1487 00b0 0A800000 		.word	32778
 1488 00b4 00000000 		.word	0
 1489 00b8 0A000080 		.word	-2147483638
 1490 00bc 00000080 		.word	-2147483648
 1491 00c0 81800080 		.word	-2147450751
 1492 00c4 00000080 		.word	-2147483648
 1493 00c8 80800000 		.word	32896
 1494 00cc 00000080 		.word	-2147483648
 1495 00d0 01000080 		.word	-2147483647
 1496 00d4 00000000 		.word	0
 1497 00d8 08800080 		.word	-2147450872
 1498 00dc 00000080 		.word	-2147483648
 1499              		.bss
 1500              		.align	3
 1503              	g_shake:
 1504 0000 00000000 		.space	208
 1504      00000000 
 1504      00000000 
 1504      00000000 
 1504      00000000 
 1507              	kf_B:
 1508 00d0 00000000 		.space	200
 1508      00000000 
 1508      00000000 
 1508      00000000 
 1508      00000000 
 1509              		.text
 1510              	.Letext0:
 1511              		.file 2 "/usr/lib/gcc/arm-none-eabi/14.2.1/include/stdint.h"
 1512              		.file 3 "/usr/lib/gcc/arm-none-eabi/14.2.1/include/stddef.h"
 1513              		.file 4 "mayo_shake.h"
 1514              		.file 5 "/usr/include/newlib/string.h"
 1515              		.file 6 "<built-in>"
DEFINED SYMBOLS
                            *ABS*:00000000 mayo_shake.c
     /tmp/ccjNePIZ.s:19     .text.keccak_f1600:00000000 $t
     /tmp/ccjNePIZ.s:24     .text.keccak_f1600:00000000 keccak_f1600
     /tmp/ccjNePIZ.s:776    .text.keccak_f1600:000003e8 $d
     /tmp/ccjNePIZ.s:1450   .rodata:00000020 RC
     /tmp/ccjNePIZ.s:782    .text.keccak_f1600:000003f0 $t
     /tmp/ccjNePIZ.s:1050   .text.keccak_f1600:00000550 $d
     /tmp/ccjNePIZ.s:1507   .bss:000000d0 kf_B
     /tmp/ccjNePIZ.s:1055   .text.shake256_init:00000000 $t
     /tmp/ccjNePIZ.s:1061   .text.shake256_init:00000000 shake256_init
     /tmp/ccjNePIZ.s:1089   .text.shake256_absorb:00000000 $t
     /tmp/ccjNePIZ.s:1095   .text.shake256_absorb:00000000 shake256_absorb
     /tmp/ccjNePIZ.s:1172   .text.shake256_finalize:00000000 $t
     /tmp/ccjNePIZ.s:1178   .text.shake256_finalize:00000000 shake256_finalize
     /tmp/ccjNePIZ.s:1232   .text.shake256_squeeze:00000000 $t
     /tmp/ccjNePIZ.s:1238   .text.shake256_squeeze:00000000 shake256_squeeze
     /tmp/ccjNePIZ.s:1312   .text.shake256_multi:00000000 $t
     /tmp/ccjNePIZ.s:1318   .text.shake256_multi:00000000 shake256_multi
     /tmp/ccjNePIZ.s:1434   .text.shake256_multi:00000078 $d
     /tmp/ccjNePIZ.s:1503   .bss:00000000 g_shake
     /tmp/ccjNePIZ.s:1440   .rodata:00000000 $d
     /tmp/ccjNePIZ.s:1444   .rodata:00000000 RHO
     /tmp/ccjNePIZ.s:1500   .bss:00000000 $d

UNDEFINED SYMBOLS
__aeabi_idivmod
__aeabi_llsl
__aeabi_llsr
memset
